2021-01-31 17:58:32,232 DEBUG scheduler Queued events for site library.test
2021-01-31 17:59:32,507 DEBUG scheduler Queued events for site library.test
2021-01-31 18:00:32,734 INFO scheduler Scheduled Job Start: frappe.utils.password.delete_password_reset_cache for library.test
2021-01-31 18:00:32,812 DEBUG scheduler Queued events for site library.test
2021-01-31 18:00:33,124 INFO scheduler Scheduled Job Complete: frappe.utils.password.delete_password_reset_cache for library.test
2021-01-31 18:00:33,194 INFO scheduler Scheduled Job Start: frappe.email.doctype.newsletter.newsletter.send_scheduled_email for library.test
2021-01-31 18:00:33,901 INFO scheduler Scheduled Job Complete: frappe.email.doctype.newsletter.newsletter.send_scheduled_email for library.test
2021-01-31 18:00:34,041 INFO scheduler Scheduled Job Start: frappe.integrations.doctype.google_calendar.google_calendar.sync for library.test
2021-01-31 18:00:35,807 INFO scheduler Scheduled Job Complete: frappe.integrations.doctype.google_calendar.google_calendar.sync for library.test
2021-01-31 18:00:35,971 INFO scheduler Scheduled Job Start: frappe.desk.form.document_follow.send_hourly_updates for library.test
2021-01-31 18:00:36,148 INFO scheduler Scheduled Job Complete: frappe.desk.form.document_follow.send_hourly_updates for library.test
2021-01-31 18:00:36,378 INFO scheduler Scheduled Job Start: frappe.deferred_insert.save_to_db for library.test
2021-01-31 18:00:37,273 INFO scheduler Scheduled Job Complete: frappe.deferred_insert.save_to_db for library.test
2021-01-31 18:00:37,361 INFO scheduler Scheduled Job Start: frappe.desk.page.backups.backups.delete_downloadable_backups for library.test
2021-01-31 18:00:38,096 INFO scheduler Scheduled Job Complete: frappe.desk.page.backups.backups.delete_downloadable_backups for library.test
2021-01-31 18:00:38,167 INFO scheduler Scheduled Job Start: frappe.utils.error.collect_error_snapshots for library.test
2021-01-31 18:00:38,942 INFO scheduler Scheduled Job Complete: frappe.utils.error.collect_error_snapshots for library.test
2021-01-31 18:00:39,027 INFO scheduler Scheduled Job Start: frappe.model.utils.user_settings.sync_user_settings for library.test
2021-01-31 18:00:39,228 INFO scheduler Scheduled Job Complete: frappe.model.utils.user_settings.sync_user_settings for library.test
2021-01-31 18:00:39,431 INFO scheduler Scheduled Job Start: frappe.model.utils.link_count.update_link_count for library.test
2021-01-31 18:00:39,613 INFO scheduler Scheduled Job Complete: frappe.model.utils.link_count.update_link_count for library.test
2021-01-31 18:00:39,721 INFO scheduler Scheduled Job Start: frappe.monitor.flush for library.test
2021-01-31 18:00:39,817 INFO scheduler Scheduled Job Complete: frappe.monitor.flush for library.test
2021-01-31 18:00:39,853 INFO scheduler Scheduled Job Start: frappe.utils.global_search.sync_global_search for library.test
2021-01-31 18:00:39,934 INFO scheduler Scheduled Job Complete: frappe.utils.global_search.sync_global_search for library.test
2021-01-31 18:00:39,980 INFO scheduler Scheduled Job Start: frappe.integrations.doctype.razorpay_settings.razorpay_settings.capture_payment for library.test
2021-01-31 18:00:40,136 INFO scheduler Scheduled Job Complete: frappe.integrations.doctype.razorpay_settings.razorpay_settings.capture_payment for library.test
2021-01-31 18:00:40,217 INFO scheduler Scheduled Job Start: frappe.email.doctype.email_account.email_account.notify_unreplied for library.test
2021-01-31 18:00:40,347 INFO scheduler Scheduled Job Complete: frappe.email.doctype.email_account.email_account.notify_unreplied for library.test
2021-01-31 18:00:40,386 INFO scheduler Scheduled Job Start: frappe.email.doctype.email_account.email_account.pull for library.test
2021-01-31 18:00:40,538 INFO scheduler Scheduled Job Complete: frappe.email.doctype.email_account.email_account.pull for library.test
2021-01-31 18:00:40,577 INFO scheduler Scheduled Job Start: frappe.email.queue.flush for library.test
2021-01-31 18:00:40,668 INFO scheduler Scheduled Job Complete: frappe.email.queue.flush for library.test
2021-01-31 18:00:40,705 INFO scheduler Scheduled Job Start: frappe.twofactor.delete_all_barcodes_for_users for library.test
2021-01-31 18:00:40,913 INFO scheduler Scheduled Job Complete: frappe.twofactor.delete_all_barcodes_for_users for library.test
2021-01-31 18:00:40,957 INFO scheduler Scheduled Job Start: frappe.website.doctype.web_page.web_page.check_publish_status for library.test
2021-01-31 18:00:41,204 INFO scheduler Scheduled Job Complete: frappe.website.doctype.web_page.web_page.check_publish_status for library.test
2021-01-31 18:00:41,263 INFO scheduler Scheduled Job Start: frappe.oauth.delete_oauth2_data for library.test
2021-01-31 18:00:41,402 INFO scheduler Scheduled Job Complete: frappe.oauth.delete_oauth2_data for library.test
2021-01-31 18:01:33,009 DEBUG scheduler Queued events for site library.test
2021-01-31 18:02:33,260 DEBUG scheduler Queued events for site library.test
2021-01-31 18:04:32,797 DEBUG scheduler Queued events for site library.test
2021-01-31 18:04:32,858 INFO scheduler Scheduled Job Start: frappe.monitor.flush for library.test
2021-01-31 18:04:33,260 INFO scheduler Scheduled Job Complete: frappe.monitor.flush for library.test
2021-01-31 18:04:33,297 INFO scheduler Scheduled Job Start: frappe.utils.global_search.sync_global_search for library.test
2021-01-31 18:04:33,400 INFO scheduler Scheduled Job Complete: frappe.utils.global_search.sync_global_search for library.test
2021-01-31 18:04:33,453 INFO scheduler Scheduled Job Start: frappe.integrations.doctype.razorpay_settings.razorpay_settings.capture_payment for library.test
2021-01-31 18:04:33,683 INFO scheduler Scheduled Job Complete: frappe.integrations.doctype.razorpay_settings.razorpay_settings.capture_payment for library.test
2021-01-31 18:04:33,742 INFO scheduler Scheduled Job Start: frappe.email.doctype.email_account.email_account.notify_unreplied for library.test
2021-01-31 18:04:34,201 INFO scheduler Scheduled Job Complete: frappe.email.doctype.email_account.email_account.notify_unreplied for library.test
2021-01-31 18:04:34,277 INFO scheduler Scheduled Job Start: frappe.email.doctype.email_account.email_account.pull for library.test
2021-01-31 18:04:34,458 INFO scheduler Scheduled Job Complete: frappe.email.doctype.email_account.email_account.pull for library.test
2021-01-31 18:04:34,517 INFO scheduler Scheduled Job Start: frappe.email.queue.flush for library.test
2021-01-31 18:04:34,746 INFO scheduler Scheduled Job Complete: frappe.email.queue.flush for library.test
2021-01-31 18:05:33,280 DEBUG scheduler Queued events for site library.test
2021-01-31 18:06:33,544 DEBUG scheduler Queued events for site library.test
2021-01-31 18:07:33,755 DEBUG scheduler Queued events for site library.test
2021-01-31 18:08:33,945 DEBUG scheduler Queued events for site library.test
2021-01-31 18:08:34,037 INFO scheduler Scheduled Job Start: frappe.monitor.flush for library.test
2021-01-31 18:08:34,105 INFO scheduler Scheduled Job Complete: frappe.monitor.flush for library.test
2021-01-31 18:08:34,145 INFO scheduler Scheduled Job Start: frappe.utils.global_search.sync_global_search for library.test
2021-01-31 18:08:34,570 INFO scheduler Scheduled Job Complete: frappe.utils.global_search.sync_global_search for library.test
2021-01-31 18:08:34,612 INFO scheduler Scheduled Job Start: frappe.integrations.doctype.razorpay_settings.razorpay_settings.capture_payment for library.test
2021-01-31 18:08:34,688 INFO scheduler Scheduled Job Complete: frappe.integrations.doctype.razorpay_settings.razorpay_settings.capture_payment for library.test
2021-01-31 18:08:34,742 INFO scheduler Scheduled Job Start: frappe.email.doctype.email_account.email_account.notify_unreplied for library.test
2021-01-31 18:08:34,864 INFO scheduler Scheduled Job Complete: frappe.email.doctype.email_account.email_account.notify_unreplied for library.test
2021-01-31 18:08:34,899 INFO scheduler Scheduled Job Start: frappe.email.doctype.email_account.email_account.pull for library.test
2021-01-31 18:08:34,999 INFO scheduler Scheduled Job Complete: frappe.email.doctype.email_account.email_account.pull for library.test
2021-01-31 18:08:35,040 INFO scheduler Scheduled Job Start: frappe.email.queue.flush for library.test
2021-01-31 18:08:35,097 INFO scheduler Scheduled Job Complete: frappe.email.queue.flush for library.test
2021-01-31 18:09:34,111 DEBUG scheduler Queued events for site library.test
2021-01-31 18:10:34,388 DEBUG scheduler Queued events for site library.test
2021-01-31 18:11:34,654 DEBUG scheduler Queued events for site library.test
2021-01-31 18:12:35,041 INFO scheduler Scheduled Job Start: frappe.monitor.flush for library.test
2021-01-31 18:12:35,068 DEBUG scheduler Queued events for site library.test
2021-01-31 18:12:35,138 INFO scheduler Scheduled Job Complete: frappe.monitor.flush for library.test
2021-01-31 18:12:35,212 INFO scheduler Scheduled Job Start: frappe.utils.global_search.sync_global_search for library.test
2021-01-31 18:12:35,299 INFO scheduler Scheduled Job Complete: frappe.utils.global_search.sync_global_search for library.test
2021-01-31 18:12:35,352 INFO scheduler Scheduled Job Start: frappe.integrations.doctype.razorpay_settings.razorpay_settings.capture_payment for library.test
2021-01-31 18:12:35,475 INFO scheduler Scheduled Job Complete: frappe.integrations.doctype.razorpay_settings.razorpay_settings.capture_payment for library.test
2021-01-31 18:12:35,542 INFO scheduler Scheduled Job Start: frappe.email.doctype.email_account.email_account.notify_unreplied for library.test
2021-01-31 18:12:35,704 INFO scheduler Scheduled Job Complete: frappe.email.doctype.email_account.email_account.notify_unreplied for library.test
2021-01-31 18:12:35,770 INFO scheduler Scheduled Job Start: frappe.email.doctype.email_account.email_account.pull for library.test
2021-01-31 18:12:35,976 INFO scheduler Scheduled Job Complete: frappe.email.doctype.email_account.email_account.pull for library.test
2021-01-31 18:12:36,030 INFO scheduler Scheduled Job Start: frappe.email.queue.flush for library.test
2021-01-31 18:12:36,146 INFO scheduler Scheduled Job Complete: frappe.email.queue.flush for library.test
2021-01-31 18:13:35,305 DEBUG scheduler Queued events for site library.test
2021-01-31 18:14:35,684 DEBUG scheduler Queued events for site library.test
2021-01-31 18:15:35,925 DEBUG scheduler Queued events for site library.test
2021-01-31 18:15:35,944 INFO scheduler Scheduled Job Start: frappe.twofactor.delete_all_barcodes_for_users for library.test
2021-01-31 18:15:36,211 INFO scheduler Scheduled Job Complete: frappe.twofactor.delete_all_barcodes_for_users for library.test
2021-01-31 18:15:36,253 INFO scheduler Scheduled Job Start: frappe.website.doctype.web_page.web_page.check_publish_status for library.test
2021-01-31 18:15:36,692 INFO scheduler Scheduled Job Complete: frappe.website.doctype.web_page.web_page.check_publish_status for library.test
2021-01-31 18:15:36,740 INFO scheduler Scheduled Job Start: frappe.oauth.delete_oauth2_data for library.test
2021-01-31 18:15:37,069 INFO scheduler Scheduled Job Complete: frappe.oauth.delete_oauth2_data for library.test
2021-01-31 18:16:36,337 DEBUG scheduler Queued events for site library.test
2021-01-31 18:16:36,342 INFO scheduler Scheduled Job Start: frappe.monitor.flush for library.test
2021-01-31 18:16:36,394 INFO scheduler Scheduled Job Complete: frappe.monitor.flush for library.test
2021-01-31 18:16:36,430 INFO scheduler Scheduled Job Start: frappe.utils.global_search.sync_global_search for library.test
2021-01-31 18:16:36,503 INFO scheduler Scheduled Job Complete: frappe.utils.global_search.sync_global_search for library.test
2021-01-31 18:16:36,566 INFO scheduler Scheduled Job Start: frappe.integrations.doctype.razorpay_settings.razorpay_settings.capture_payment for library.test
2021-01-31 18:16:36,657 INFO scheduler Scheduled Job Complete: frappe.integrations.doctype.razorpay_settings.razorpay_settings.capture_payment for library.test
2021-01-31 18:16:36,694 INFO scheduler Scheduled Job Start: frappe.email.doctype.email_account.email_account.notify_unreplied for library.test
2021-01-31 18:16:36,817 INFO scheduler Scheduled Job Complete: frappe.email.doctype.email_account.email_account.notify_unreplied for library.test
2021-01-31 18:16:36,898 INFO scheduler Scheduled Job Start: frappe.email.doctype.email_account.email_account.pull for library.test
2021-01-31 18:16:36,996 INFO scheduler Scheduled Job Complete: frappe.email.doctype.email_account.email_account.pull for library.test
2021-01-31 18:16:37,032 INFO scheduler Scheduled Job Start: frappe.email.queue.flush for library.test
2021-01-31 18:16:37,107 INFO scheduler Scheduled Job Complete: frappe.email.queue.flush for library.test
2021-01-31 18:17:36,608 DEBUG scheduler Queued events for site library.test
2021-01-31 18:18:36,782 DEBUG scheduler Queued events for site library.test
2021-01-31 18:19:36,965 DEBUG scheduler Queued events for site library.test
2021-01-31 18:20:37,222 INFO scheduler Scheduled Job Start: frappe.monitor.flush for library.test
2021-01-31 18:20:37,231 DEBUG scheduler Queued events for site library.test
2021-01-31 18:20:37,315 INFO scheduler Scheduled Job Complete: frappe.monitor.flush for library.test
2021-01-31 18:20:37,386 INFO scheduler Scheduled Job Start: frappe.utils.global_search.sync_global_search for library.test
2021-01-31 18:20:37,520 INFO scheduler Scheduled Job Complete: frappe.utils.global_search.sync_global_search for library.test
2021-01-31 18:20:37,587 INFO scheduler Scheduled Job Start: frappe.integrations.doctype.razorpay_settings.razorpay_settings.capture_payment for library.test
2021-01-31 18:20:37,695 INFO scheduler Scheduled Job Complete: frappe.integrations.doctype.razorpay_settings.razorpay_settings.capture_payment for library.test
2021-01-31 18:20:37,767 INFO scheduler Scheduled Job Start: frappe.email.doctype.email_account.email_account.notify_unreplied for library.test
2021-01-31 18:20:37,860 INFO scheduler Scheduled Job Complete: frappe.email.doctype.email_account.email_account.notify_unreplied for library.test
2021-01-31 18:20:37,902 INFO scheduler Scheduled Job Start: frappe.email.doctype.email_account.email_account.pull for library.test
2021-01-31 18:20:38,026 INFO scheduler Scheduled Job Complete: frappe.email.doctype.email_account.email_account.pull for library.test
2021-01-31 18:20:38,103 INFO scheduler Scheduled Job Start: frappe.email.queue.flush for library.test
2021-01-31 18:20:38,168 INFO scheduler Scheduled Job Complete: frappe.email.queue.flush for library.test
2021-01-31 18:21:37,408 DEBUG scheduler Queued events for site library.test
2021-01-31 18:22:37,636 DEBUG scheduler Queued events for site library.test
2021-01-31 18:23:37,919 DEBUG scheduler Queued events for site library.test
2021-01-31 18:24:38,272 INFO scheduler Scheduled Job Start: frappe.monitor.flush for library.test
2021-01-31 18:24:38,293 DEBUG scheduler Queued events for site library.test
2021-01-31 18:24:38,337 INFO scheduler Scheduled Job Complete: frappe.monitor.flush for library.test
2021-01-31 18:24:38,379 INFO scheduler Scheduled Job Start: frappe.utils.global_search.sync_global_search for library.test
2021-01-31 18:24:38,476 INFO scheduler Scheduled Job Complete: frappe.utils.global_search.sync_global_search for library.test
2021-01-31 18:24:38,561 INFO scheduler Scheduled Job Start: frappe.integrations.doctype.razorpay_settings.razorpay_settings.capture_payment for library.test
2021-01-31 18:24:38,639 INFO scheduler Scheduled Job Complete: frappe.integrations.doctype.razorpay_settings.razorpay_settings.capture_payment for library.test
2021-01-31 18:24:38,683 INFO scheduler Scheduled Job Start: frappe.email.doctype.email_account.email_account.notify_unreplied for library.test
2021-01-31 18:24:38,774 INFO scheduler Scheduled Job Complete: frappe.email.doctype.email_account.email_account.notify_unreplied for library.test
2021-01-31 18:24:38,811 INFO scheduler Scheduled Job Start: frappe.email.doctype.email_account.email_account.pull for library.test
2021-01-31 18:24:38,996 INFO scheduler Scheduled Job Complete: frappe.email.doctype.email_account.email_account.pull for library.test
2021-01-31 18:24:39,083 INFO scheduler Scheduled Job Start: frappe.email.queue.flush for library.test
2021-01-31 18:24:39,239 INFO scheduler Scheduled Job Complete: frappe.email.queue.flush for library.test
2021-01-31 18:25:38,528 DEBUG scheduler Queued events for site library.test
2021-01-31 18:26:39,063 DEBUG scheduler Queued events for site library.test
2021-01-31 18:27:39,302 DEBUG scheduler Queued events for site library.test
2021-01-31 18:28:39,547 INFO scheduler Scheduled Job Start: frappe.monitor.flush for library.test
2021-01-31 18:28:39,554 DEBUG scheduler Queued events for site library.test
2021-01-31 18:28:39,657 INFO scheduler Scheduled Job Complete: frappe.monitor.flush for library.test
2021-01-31 18:28:39,692 INFO scheduler Scheduled Job Start: frappe.utils.global_search.sync_global_search for library.test
2021-01-31 18:28:39,737 INFO scheduler Scheduled Job Complete: frappe.utils.global_search.sync_global_search for library.test
2021-01-31 18:28:39,772 INFO scheduler Scheduled Job Start: frappe.integrations.doctype.razorpay_settings.razorpay_settings.capture_payment for library.test
2021-01-31 18:28:39,893 INFO scheduler Scheduled Job Complete: frappe.integrations.doctype.razorpay_settings.razorpay_settings.capture_payment for library.test
2021-01-31 18:28:39,928 INFO scheduler Scheduled Job Start: frappe.email.doctype.email_account.email_account.notify_unreplied for library.test
2021-01-31 18:28:40,217 INFO scheduler Scheduled Job Complete: frappe.email.doctype.email_account.email_account.notify_unreplied for library.test
2021-01-31 18:28:40,254 INFO scheduler Scheduled Job Start: frappe.email.doctype.email_account.email_account.pull for library.test
2021-01-31 18:28:40,341 INFO scheduler Scheduled Job Complete: frappe.email.doctype.email_account.email_account.pull for library.test
2021-01-31 18:28:40,381 INFO scheduler Scheduled Job Start: frappe.email.queue.flush for library.test
2021-01-31 18:28:40,467 INFO scheduler Scheduled Job Complete: frappe.email.queue.flush for library.test
2021-01-31 18:29:39,732 DEBUG scheduler Queued events for site library.test
2021-01-31 18:30:39,920 DEBUG scheduler Queued events for site library.test
2021-01-31 18:30:39,938 INFO scheduler Scheduled Job Start: frappe.twofactor.delete_all_barcodes_for_users for library.test
2021-01-31 18:30:40,167 INFO scheduler Scheduled Job Complete: frappe.twofactor.delete_all_barcodes_for_users for library.test
2021-01-31 18:30:40,237 INFO scheduler Scheduled Job Start: frappe.website.doctype.web_page.web_page.check_publish_status for library.test
2021-01-31 18:30:40,424 INFO scheduler Scheduled Job Complete: frappe.website.doctype.web_page.web_page.check_publish_status for library.test
2021-01-31 18:30:40,489 INFO scheduler Scheduled Job Start: frappe.oauth.delete_oauth2_data for library.test
2021-01-31 18:30:40,731 INFO scheduler Scheduled Job Complete: frappe.oauth.delete_oauth2_data for library.test
2021-01-31 18:31:40,094 DEBUG scheduler Queued events for site library.test
2021-01-31 18:32:40,440 DEBUG scheduler Queued events for site library.test
2021-01-31 18:32:40,454 INFO scheduler Scheduled Job Start: frappe.monitor.flush for library.test
2021-01-31 18:32:40,574 INFO scheduler Scheduled Job Complete: frappe.monitor.flush for library.test
2021-01-31 18:32:40,623 INFO scheduler Scheduled Job Start: frappe.utils.global_search.sync_global_search for library.test
2021-01-31 18:32:40,712 INFO scheduler Scheduled Job Complete: frappe.utils.global_search.sync_global_search for library.test
2021-01-31 18:32:40,763 INFO scheduler Scheduled Job Start: frappe.integrations.doctype.razorpay_settings.razorpay_settings.capture_payment for library.test
2021-01-31 18:32:40,842 INFO scheduler Scheduled Job Complete: frappe.integrations.doctype.razorpay_settings.razorpay_settings.capture_payment for library.test
2021-01-31 18:32:40,918 INFO scheduler Scheduled Job Start: frappe.email.doctype.email_account.email_account.notify_unreplied for library.test
2021-01-31 18:32:41,055 INFO scheduler Scheduled Job Complete: frappe.email.doctype.email_account.email_account.notify_unreplied for library.test
2021-01-31 18:32:41,121 INFO scheduler Scheduled Job Start: frappe.email.doctype.email_account.email_account.pull for library.test
2021-01-31 18:32:41,310 INFO scheduler Scheduled Job Complete: frappe.email.doctype.email_account.email_account.pull for library.test
2021-01-31 18:32:41,434 INFO scheduler Scheduled Job Start: frappe.email.queue.flush for library.test
2021-01-31 18:32:41,531 INFO scheduler Scheduled Job Complete: frappe.email.queue.flush for library.test
2021-01-31 18:33:40,827 DEBUG scheduler Queued events for site library.test
2021-01-31 18:34:41,281 DEBUG scheduler Queued events for site library.test
2021-01-31 18:35:41,512 DEBUG scheduler Queued events for site library.test
2021-01-31 18:36:42,931 DEBUG scheduler Queued events for site library.test
2021-01-31 18:36:43,164 INFO scheduler Scheduled Job Start: frappe.monitor.flush for library.test
2021-01-31 18:36:43,563 INFO scheduler Scheduled Job Complete: frappe.monitor.flush for library.test
2021-01-31 18:36:43,597 INFO scheduler Scheduled Job Start: frappe.utils.global_search.sync_global_search for library.test
2021-01-31 18:36:43,780 INFO scheduler Scheduled Job Complete: frappe.utils.global_search.sync_global_search for library.test
2021-01-31 18:36:43,834 INFO scheduler Scheduled Job Start: frappe.integrations.doctype.razorpay_settings.razorpay_settings.capture_payment for library.test
2021-01-31 18:36:43,970 INFO scheduler Scheduled Job Complete: frappe.integrations.doctype.razorpay_settings.razorpay_settings.capture_payment for library.test
2021-01-31 18:36:44,014 INFO scheduler Scheduled Job Start: frappe.email.doctype.email_account.email_account.notify_unreplied for library.test
2021-01-31 18:36:44,344 INFO scheduler Scheduled Job Complete: frappe.email.doctype.email_account.email_account.notify_unreplied for library.test
2021-01-31 18:36:44,388 INFO scheduler Scheduled Job Start: frappe.email.doctype.email_account.email_account.pull for library.test
2021-01-31 18:36:44,496 INFO scheduler Scheduled Job Complete: frappe.email.doctype.email_account.email_account.pull for library.test
2021-01-31 18:36:44,535 INFO scheduler Scheduled Job Start: frappe.email.queue.flush for library.test
2021-01-31 18:36:44,592 INFO scheduler Scheduled Job Complete: frappe.email.queue.flush for library.test
2021-01-31 18:37:43,161 DEBUG scheduler Queued events for site library.test
2021-01-31 18:38:43,501 DEBUG scheduler Queued events for site library.test
2021-01-31 18:39:43,686 DEBUG scheduler Queued events for site library.test
2021-01-31 18:40:43,970 INFO scheduler Scheduled Job Start: frappe.monitor.flush for library.test
2021-01-31 18:40:43,993 DEBUG scheduler Queued events for site library.test
2021-01-31 18:40:44,038 INFO scheduler Scheduled Job Complete: frappe.monitor.flush for library.test
2021-01-31 18:40:44,073 INFO scheduler Scheduled Job Start: frappe.utils.global_search.sync_global_search for library.test
2021-01-31 18:40:44,428 INFO scheduler Scheduled Job Complete: frappe.utils.global_search.sync_global_search for library.test
2021-01-31 18:40:44,463 INFO scheduler Scheduled Job Start: frappe.integrations.doctype.razorpay_settings.razorpay_settings.capture_payment for library.test
2021-01-31 18:40:44,526 INFO scheduler Scheduled Job Complete: frappe.integrations.doctype.razorpay_settings.razorpay_settings.capture_payment for library.test
2021-01-31 18:40:44,564 INFO scheduler Scheduled Job Start: frappe.email.doctype.email_account.email_account.notify_unreplied for library.test
2021-01-31 18:40:44,764 INFO scheduler Scheduled Job Complete: frappe.email.doctype.email_account.email_account.notify_unreplied for library.test
2021-01-31 18:40:44,801 INFO scheduler Scheduled Job Start: frappe.email.doctype.email_account.email_account.pull for library.test
2021-01-31 18:40:44,912 INFO scheduler Scheduled Job Complete: frappe.email.doctype.email_account.email_account.pull for library.test
2021-01-31 18:40:44,949 INFO scheduler Scheduled Job Start: frappe.email.queue.flush for library.test
2021-01-31 18:40:45,019 INFO scheduler Scheduled Job Complete: frappe.email.queue.flush for library.test
2021-01-31 18:41:44,160 DEBUG scheduler Queued events for site library.test
2021-01-31 18:42:44,346 DEBUG scheduler Queued events for site library.test
2021-01-31 18:43:44,516 DEBUG scheduler Queued events for site library.test
2021-01-31 18:44:44,821 INFO scheduler Scheduled Job Start: frappe.monitor.flush for library.test
2021-01-31 18:44:44,852 DEBUG scheduler Queued events for site library.test
2021-01-31 18:44:44,924 INFO scheduler Scheduled Job Complete: frappe.monitor.flush for library.test
2021-01-31 18:44:45,021 INFO scheduler Scheduled Job Start: frappe.utils.global_search.sync_global_search for library.test
2021-01-31 18:44:45,289 INFO scheduler Scheduled Job Complete: frappe.utils.global_search.sync_global_search for library.test
2021-01-31 18:44:45,434 INFO scheduler Scheduled Job Start: frappe.integrations.doctype.razorpay_settings.razorpay_settings.capture_payment for library.test
2021-01-31 18:44:45,562 INFO scheduler Scheduled Job Complete: frappe.integrations.doctype.razorpay_settings.razorpay_settings.capture_payment for library.test
2021-01-31 18:44:45,629 INFO scheduler Scheduled Job Start: frappe.email.doctype.email_account.email_account.notify_unreplied for library.test
2021-01-31 18:44:45,760 INFO scheduler Scheduled Job Complete: frappe.email.doctype.email_account.email_account.notify_unreplied for library.test
2021-01-31 18:44:45,800 INFO scheduler Scheduled Job Start: frappe.email.doctype.email_account.email_account.pull for library.test
2021-01-31 18:44:45,946 INFO scheduler Scheduled Job Complete: frappe.email.doctype.email_account.email_account.pull for library.test
2021-01-31 18:44:46,000 INFO scheduler Scheduled Job Start: frappe.email.queue.flush for library.test
2021-01-31 18:44:46,113 INFO scheduler Scheduled Job Complete: frappe.email.queue.flush for library.test
2021-01-31 18:45:45,072 DEBUG scheduler Queued events for site library.test
2021-01-31 18:45:45,084 INFO scheduler Scheduled Job Start: frappe.twofactor.delete_all_barcodes_for_users for library.test
2021-01-31 18:45:45,253 INFO scheduler Scheduled Job Complete: frappe.twofactor.delete_all_barcodes_for_users for library.test
2021-01-31 18:45:45,299 INFO scheduler Scheduled Job Start: frappe.website.doctype.web_page.web_page.check_publish_status for library.test
2021-01-31 18:45:45,448 INFO scheduler Scheduled Job Complete: frappe.website.doctype.web_page.web_page.check_publish_status for library.test
2021-01-31 18:45:45,496 INFO scheduler Scheduled Job Start: frappe.oauth.delete_oauth2_data for library.test
2021-01-31 18:45:45,690 INFO scheduler Scheduled Job Complete: frappe.oauth.delete_oauth2_data for library.test
2021-01-31 18:46:45,226 DEBUG scheduler Queued events for site library.test
2021-01-31 18:47:45,397 DEBUG scheduler Queued events for site library.test
2021-01-31 18:48:45,606 INFO scheduler Scheduled Job Start: frappe.monitor.flush for library.test
2021-01-31 18:48:45,629 DEBUG scheduler Queued events for site library.test
2021-01-31 18:48:46,050 INFO scheduler Scheduled Job Complete: frappe.monitor.flush for library.test
2021-01-31 18:48:46,143 INFO scheduler Scheduled Job Start: frappe.utils.global_search.sync_global_search for library.test
2021-01-31 18:48:46,318 INFO scheduler Scheduled Job Complete: frappe.utils.global_search.sync_global_search for library.test
2021-01-31 18:48:46,422 INFO scheduler Scheduled Job Start: frappe.integrations.doctype.razorpay_settings.razorpay_settings.capture_payment for library.test
2021-01-31 18:48:46,608 INFO scheduler Scheduled Job Complete: frappe.integrations.doctype.razorpay_settings.razorpay_settings.capture_payment for library.test
2021-01-31 18:48:46,676 INFO scheduler Scheduled Job Start: frappe.email.doctype.email_account.email_account.notify_unreplied for library.test
2021-01-31 18:48:46,854 INFO scheduler Scheduled Job Complete: frappe.email.doctype.email_account.email_account.notify_unreplied for library.test
2021-01-31 18:48:46,913 INFO scheduler Scheduled Job Start: frappe.email.doctype.email_account.email_account.pull for library.test
2021-01-31 18:48:47,170 INFO scheduler Scheduled Job Complete: frappe.email.doctype.email_account.email_account.pull for library.test
2021-01-31 18:48:47,261 INFO scheduler Scheduled Job Start: frappe.email.queue.flush for library.test
2021-01-31 18:48:47,342 INFO scheduler Scheduled Job Complete: frappe.email.queue.flush for library.test
2021-01-31 18:49:45,786 DEBUG scheduler Queued events for site library.test
2021-01-31 18:50:45,957 DEBUG scheduler Queued events for site library.test
2021-01-31 18:51:46,178 DEBUG scheduler Queued events for site library.test
2021-01-31 18:52:46,421 INFO scheduler Scheduled Job Start: frappe.monitor.flush for library.test
2021-01-31 18:52:46,426 DEBUG scheduler Queued events for site library.test
2021-01-31 18:52:46,475 INFO scheduler Scheduled Job Complete: frappe.monitor.flush for library.test
2021-01-31 18:52:46,513 INFO scheduler Scheduled Job Start: frappe.utils.global_search.sync_global_search for library.test
2021-01-31 18:52:46,652 INFO scheduler Scheduled Job Complete: frappe.utils.global_search.sync_global_search for library.test
2021-01-31 18:52:46,696 INFO scheduler Scheduled Job Start: frappe.integrations.doctype.razorpay_settings.razorpay_settings.capture_payment for library.test
2021-01-31 18:52:46,789 INFO scheduler Scheduled Job Complete: frappe.integrations.doctype.razorpay_settings.razorpay_settings.capture_payment for library.test
2021-01-31 18:52:46,827 INFO scheduler Scheduled Job Start: frappe.email.doctype.email_account.email_account.notify_unreplied for library.test
2021-01-31 18:52:46,921 INFO scheduler Scheduled Job Complete: frappe.email.doctype.email_account.email_account.notify_unreplied for library.test
2021-01-31 18:52:46,958 INFO scheduler Scheduled Job Start: frappe.email.doctype.email_account.email_account.pull for library.test
2021-01-31 18:52:47,083 INFO scheduler Scheduled Job Complete: frappe.email.doctype.email_account.email_account.pull for library.test
2021-01-31 18:52:47,124 INFO scheduler Scheduled Job Start: frappe.email.queue.flush for library.test
2021-01-31 18:52:47,194 INFO scheduler Scheduled Job Complete: frappe.email.queue.flush for library.test
2021-01-31 18:53:46,648 DEBUG scheduler Queued events for site library.test
2021-01-31 18:54:46,879 DEBUG scheduler Queued events for site library.test
2021-01-31 18:55:47,100 DEBUG scheduler Queued events for site library.test
2021-01-31 18:56:47,323 INFO scheduler Scheduled Job Start: frappe.monitor.flush for library.test
2021-01-31 18:56:47,344 DEBUG scheduler Queued events for site library.test
2021-01-31 18:56:47,426 INFO scheduler Scheduled Job Complete: frappe.monitor.flush for library.test
2021-01-31 18:56:47,461 INFO scheduler Scheduled Job Start: frappe.utils.global_search.sync_global_search for library.test
2021-01-31 18:56:47,532 INFO scheduler Scheduled Job Complete: frappe.utils.global_search.sync_global_search for library.test
2021-01-31 18:56:47,598 INFO scheduler Scheduled Job Start: frappe.integrations.doctype.razorpay_settings.razorpay_settings.capture_payment for library.test
2021-01-31 18:56:47,742 INFO scheduler Scheduled Job Complete: frappe.integrations.doctype.razorpay_settings.razorpay_settings.capture_payment for library.test
2021-01-31 18:56:47,802 INFO scheduler Scheduled Job Start: frappe.email.doctype.email_account.email_account.notify_unreplied for library.test
2021-01-31 18:56:47,989 INFO scheduler Scheduled Job Complete: frappe.email.doctype.email_account.email_account.notify_unreplied for library.test
2021-01-31 18:56:48,027 INFO scheduler Scheduled Job Start: frappe.email.doctype.email_account.email_account.pull for library.test
2021-01-31 18:56:48,134 INFO scheduler Scheduled Job Complete: frappe.email.doctype.email_account.email_account.pull for library.test
2021-01-31 18:56:48,172 INFO scheduler Scheduled Job Start: frappe.email.queue.flush for library.test
2021-01-31 18:56:48,271 INFO scheduler Scheduled Job Complete: frappe.email.queue.flush for library.test
2021-01-31 18:57:47,557 DEBUG scheduler Queued events for site library.test
2021-01-31 18:58:47,758 DEBUG scheduler Queued events for site library.test
2021-01-31 18:59:47,940 DEBUG scheduler Queued events for site library.test
2021-01-31 19:00:48,364 DEBUG scheduler Queued events for site library.test
2021-01-31 19:00:48,760 INFO scheduler Scheduled Job Start: frappe.utils.password.delete_password_reset_cache for library.test
2021-01-31 19:00:50,062 INFO scheduler Scheduled Job Complete: frappe.utils.password.delete_password_reset_cache for library.test
2021-01-31 19:00:50,146 INFO scheduler Scheduled Job Start: frappe.email.doctype.newsletter.newsletter.send_scheduled_email for library.test
2021-01-31 19:00:51,128 INFO scheduler Scheduled Job Complete: frappe.email.doctype.newsletter.newsletter.send_scheduled_email for library.test
2021-01-31 19:00:51,223 INFO scheduler Scheduled Job Start: frappe.integrations.doctype.google_calendar.google_calendar.sync for library.test
2021-01-31 19:00:52,299 INFO scheduler Scheduled Job Complete: frappe.integrations.doctype.google_calendar.google_calendar.sync for library.test
2021-01-31 19:00:52,339 INFO scheduler Scheduled Job Start: frappe.desk.form.document_follow.send_hourly_updates for library.test
2021-01-31 19:00:52,474 INFO scheduler Scheduled Job Complete: frappe.desk.form.document_follow.send_hourly_updates for library.test
2021-01-31 19:00:52,574 INFO scheduler Scheduled Job Start: frappe.deferred_insert.save_to_db for library.test
2021-01-31 19:00:53,356 INFO scheduler Scheduled Job Complete: frappe.deferred_insert.save_to_db for library.test
2021-01-31 19:00:53,469 INFO scheduler Scheduled Job Start: frappe.desk.page.backups.backups.delete_downloadable_backups for library.test
2021-01-31 19:00:53,797 INFO scheduler Scheduled Job Complete: frappe.desk.page.backups.backups.delete_downloadable_backups for library.test
2021-01-31 19:00:53,877 INFO scheduler Scheduled Job Start: frappe.utils.error.collect_error_snapshots for library.test
2021-01-31 19:00:54,917 INFO scheduler Scheduled Job Complete: frappe.utils.error.collect_error_snapshots for library.test
2021-01-31 19:00:54,962 INFO scheduler Scheduled Job Start: frappe.model.utils.user_settings.sync_user_settings for library.test
2021-01-31 19:00:55,212 INFO scheduler Scheduled Job Complete: frappe.model.utils.user_settings.sync_user_settings for library.test
2021-01-31 19:00:55,257 INFO scheduler Scheduled Job Start: frappe.model.utils.link_count.update_link_count for library.test
2021-01-31 19:00:55,398 INFO scheduler Scheduled Job Complete: frappe.model.utils.link_count.update_link_count for library.test
2021-01-31 19:00:55,441 INFO scheduler Scheduled Job Start: frappe.monitor.flush for library.test
2021-01-31 19:00:55,497 INFO scheduler Scheduled Job Complete: frappe.monitor.flush for library.test
2021-01-31 19:00:55,538 INFO scheduler Scheduled Job Start: frappe.utils.global_search.sync_global_search for library.test
2021-01-31 19:00:55,586 INFO scheduler Scheduled Job Complete: frappe.utils.global_search.sync_global_search for library.test
2021-01-31 19:00:55,625 INFO scheduler Scheduled Job Start: frappe.integrations.doctype.razorpay_settings.razorpay_settings.capture_payment for library.test
2021-01-31 19:00:55,775 INFO scheduler Scheduled Job Complete: frappe.integrations.doctype.razorpay_settings.razorpay_settings.capture_payment for library.test
2021-01-31 19:00:55,810 INFO scheduler Scheduled Job Start: frappe.email.doctype.email_account.email_account.notify_unreplied for library.test
2021-01-31 19:00:56,053 INFO scheduler Scheduled Job Complete: frappe.email.doctype.email_account.email_account.notify_unreplied for library.test
2021-01-31 19:00:56,111 INFO scheduler Scheduled Job Start: frappe.email.doctype.email_account.email_account.pull for library.test
2021-01-31 19:00:56,264 INFO scheduler Scheduled Job Complete: frappe.email.doctype.email_account.email_account.pull for library.test
2021-01-31 19:00:56,316 INFO scheduler Scheduled Job Start: frappe.email.queue.flush for library.test
2021-01-31 19:00:56,432 INFO scheduler Scheduled Job Complete: frappe.email.queue.flush for library.test
2021-01-31 19:00:56,478 INFO scheduler Scheduled Job Start: frappe.twofactor.delete_all_barcodes_for_users for library.test
2021-01-31 19:00:56,773 INFO scheduler Scheduled Job Complete: frappe.twofactor.delete_all_barcodes_for_users for library.test
2021-01-31 19:00:56,859 INFO scheduler Scheduled Job Start: frappe.website.doctype.web_page.web_page.check_publish_status for library.test
2021-01-31 19:00:57,077 INFO scheduler Scheduled Job Complete: frappe.website.doctype.web_page.web_page.check_publish_status for library.test
2021-01-31 19:00:57,161 INFO scheduler Scheduled Job Start: frappe.oauth.delete_oauth2_data for library.test
2021-01-31 19:00:57,434 INFO scheduler Scheduled Job Complete: frappe.oauth.delete_oauth2_data for library.test
2021-01-31 19:01:48,630 DEBUG scheduler Queued events for site library.test
2021-01-31 19:05:56,639 ERROR scheduler Exception in Enqueue Events for Site library.test
Traceback (most recent call last):
  File "/home/it62070007/frappe-bench/env/lib/python3.8/site-packages/pymysql/connections.py", line 713, in _write_bytes
    self._sock.sendall(data)
ConnectionResetError: [Errno 104] Connection reset by peer

During handling of the above exception, another exception occurred:

Traceback (most recent call last):
  File "/home/it62070007/frappe-bench/apps/frappe/frappe/utils/scheduler.py", line 64, in enqueue_events_for_site
    if is_scheduler_inactive():
  File "/home/it62070007/frappe-bench/apps/frappe/frappe/utils/scheduler.py", line 97, in is_scheduler_inactive
    if is_scheduler_disabled():
  File "/home/it62070007/frappe-bench/apps/frappe/frappe/utils/scheduler.py", line 106, in is_scheduler_disabled
    return not frappe.utils.cint(frappe.db.get_single_value("System Settings", "enable_scheduler"))
  File "/home/it62070007/frappe-bench/apps/frappe/frappe/database/database.py", line 558, in get_single_value
    val = self.sql("""select `value` from
  File "/home/it62070007/frappe-bench/apps/frappe/frappe/database/database.py", line 122, in sql
    self.connect()
  File "/home/it62070007/frappe-bench/apps/frappe/frappe/database/database.py", line 75, in connect
    self._conn = self.get_connection()
  File "/home/it62070007/frappe-bench/apps/frappe/frappe/database/mariadb/database.py", line 89, in get_connection
    conn = pymysql.connect(self.host, self.user or '', self.password or '',
  File "/home/it62070007/frappe-bench/env/lib/python3.8/site-packages/pymysql/__init__.py", line 94, in Connect
    return Connection(*args, **kwargs)
  File "/home/it62070007/frappe-bench/env/lib/python3.8/site-packages/pymysql/connections.py", line 325, in __init__
    self.connect()
  File "/home/it62070007/frappe-bench/env/lib/python3.8/site-packages/pymysql/connections.py", line 599, in connect
    self._request_authentication()
  File "/home/it62070007/frappe-bench/env/lib/python3.8/site-packages/pymysql/connections.py", line 860, in _request_authentication
    self.write_packet(data)
  File "/home/it62070007/frappe-bench/env/lib/python3.8/site-packages/pymysql/connections.py", line 645, in write_packet
    self._write_bytes(data)
  File "/home/it62070007/frappe-bench/env/lib/python3.8/site-packages/pymysql/connections.py", line 716, in _write_bytes
    raise err.OperationalError(
pymysql.err.OperationalError: (2006, "MySQL server has gone away (ConnectionResetError(104, 'Connection reset by peer'))")

2021-01-31 19:08:41,364 ERROR scheduler Exception in Enqueue Events for Site library.test
Traceback (most recent call last):
  File "/home/it62070007/frappe-bench/env/lib/python3.8/site-packages/pymysql/connections.py", line 713, in _write_bytes
    self._sock.sendall(data)
ConnectionResetError: [Errno 104] Connection reset by peer

During handling of the above exception, another exception occurred:

Traceback (most recent call last):
  File "/home/it62070007/frappe-bench/apps/frappe/frappe/utils/scheduler.py", line 64, in enqueue_events_for_site
    if is_scheduler_inactive():
  File "/home/it62070007/frappe-bench/apps/frappe/frappe/utils/scheduler.py", line 97, in is_scheduler_inactive
    if is_scheduler_disabled():
  File "/home/it62070007/frappe-bench/apps/frappe/frappe/utils/scheduler.py", line 106, in is_scheduler_disabled
    return not frappe.utils.cint(frappe.db.get_single_value("System Settings", "enable_scheduler"))
  File "/home/it62070007/frappe-bench/apps/frappe/frappe/database/database.py", line 558, in get_single_value
    val = self.sql("""select `value` from
  File "/home/it62070007/frappe-bench/apps/frappe/frappe/database/database.py", line 122, in sql
    self.connect()
  File "/home/it62070007/frappe-bench/apps/frappe/frappe/database/database.py", line 75, in connect
    self._conn = self.get_connection()
  File "/home/it62070007/frappe-bench/apps/frappe/frappe/database/mariadb/database.py", line 89, in get_connection
    conn = pymysql.connect(self.host, self.user or '', self.password or '',
  File "/home/it62070007/frappe-bench/env/lib/python3.8/site-packages/pymysql/__init__.py", line 94, in Connect
    return Connection(*args, **kwargs)
  File "/home/it62070007/frappe-bench/env/lib/python3.8/site-packages/pymysql/connections.py", line 325, in __init__
    self.connect()
  File "/home/it62070007/frappe-bench/env/lib/python3.8/site-packages/pymysql/connections.py", line 599, in connect
    self._request_authentication()
  File "/home/it62070007/frappe-bench/env/lib/python3.8/site-packages/pymysql/connections.py", line 860, in _request_authentication
    self.write_packet(data)
  File "/home/it62070007/frappe-bench/env/lib/python3.8/site-packages/pymysql/connections.py", line 645, in write_packet
    self._write_bytes(data)
  File "/home/it62070007/frappe-bench/env/lib/python3.8/site-packages/pymysql/connections.py", line 716, in _write_bytes
    raise err.OperationalError(
pymysql.err.OperationalError: (2006, "MySQL server has gone away (ConnectionResetError(104, 'Connection reset by peer'))")

2021-01-31 19:37:17,120 INFO scheduler Scheduled Job Start: frappe.monitor.flush for library.test
2021-01-31 19:37:17,123 DEBUG scheduler Queued events for site library.test
2021-01-31 19:37:17,727 INFO scheduler Scheduled Job Complete: frappe.monitor.flush for library.test
2021-01-31 19:37:17,824 INFO scheduler Scheduled Job Start: frappe.utils.global_search.sync_global_search for library.test
2021-01-31 19:37:17,911 INFO scheduler Scheduled Job Complete: frappe.utils.global_search.sync_global_search for library.test
2021-01-31 19:37:17,967 INFO scheduler Scheduled Job Start: frappe.integrations.doctype.razorpay_settings.razorpay_settings.capture_payment for library.test
2021-01-31 19:37:18,280 INFO scheduler Scheduled Job Complete: frappe.integrations.doctype.razorpay_settings.razorpay_settings.capture_payment for library.test
2021-01-31 19:37:18,340 INFO scheduler Scheduled Job Start: frappe.email.doctype.email_account.email_account.notify_unreplied for library.test
2021-01-31 19:37:18,877 INFO scheduler Scheduled Job Complete: frappe.email.doctype.email_account.email_account.notify_unreplied for library.test
2021-01-31 19:37:18,925 INFO scheduler Scheduled Job Start: frappe.email.doctype.email_account.email_account.pull for library.test
2021-01-31 19:37:19,216 INFO scheduler Scheduled Job Complete: frappe.email.doctype.email_account.email_account.pull for library.test
2021-01-31 19:37:19,280 INFO scheduler Scheduled Job Start: frappe.email.queue.flush for library.test
2021-01-31 19:37:19,532 INFO scheduler Scheduled Job Complete: frappe.email.queue.flush for library.test
2021-01-31 19:37:19,587 INFO scheduler Scheduled Job Start: frappe.twofactor.delete_all_barcodes_for_users for library.test
2021-01-31 19:37:20,154 INFO scheduler Scheduled Job Complete: frappe.twofactor.delete_all_barcodes_for_users for library.test
2021-01-31 19:37:20,213 INFO scheduler Scheduled Job Start: frappe.website.doctype.web_page.web_page.check_publish_status for library.test
2021-01-31 19:37:20,796 INFO scheduler Scheduled Job Complete: frappe.website.doctype.web_page.web_page.check_publish_status for library.test
2021-01-31 19:37:20,859 INFO scheduler Scheduled Job Start: frappe.oauth.delete_oauth2_data for library.test
2021-01-31 19:37:21,309 INFO scheduler Scheduled Job Complete: frappe.oauth.delete_oauth2_data for library.test
2021-01-31 19:38:17,438 DEBUG scheduler Queued events for site library.test
2021-01-31 19:39:17,647 DEBUG scheduler Queued events for site library.test
2021-01-31 19:40:18,930 DEBUG scheduler Queued events for site library.test
2021-01-31 19:40:20,193 INFO scheduler Scheduled Job Start: frappe.monitor.flush for library.test
2021-01-31 19:40:23,819 INFO scheduler Scheduled Job Complete: frappe.monitor.flush for library.test
2021-01-31 19:40:23,871 INFO scheduler Scheduled Job Start: frappe.utils.global_search.sync_global_search for library.test
2021-01-31 19:40:24,021 INFO scheduler Scheduled Job Complete: frappe.utils.global_search.sync_global_search for library.test
2021-01-31 19:40:24,082 INFO scheduler Scheduled Job Start: frappe.integrations.doctype.razorpay_settings.razorpay_settings.capture_payment for library.test
2021-01-31 19:40:24,864 INFO scheduler Scheduled Job Complete: frappe.integrations.doctype.razorpay_settings.razorpay_settings.capture_payment for library.test
2021-01-31 19:40:24,922 INFO scheduler Scheduled Job Start: frappe.email.doctype.email_account.email_account.notify_unreplied for library.test
2021-01-31 19:40:27,320 INFO scheduler Scheduled Job Complete: frappe.email.doctype.email_account.email_account.notify_unreplied for library.test
2021-01-31 19:40:27,362 INFO scheduler Scheduled Job Start: frappe.email.doctype.email_account.email_account.pull for library.test
2021-01-31 19:40:27,811 INFO scheduler Scheduled Job Complete: frappe.email.doctype.email_account.email_account.pull for library.test
2021-01-31 19:40:27,892 INFO scheduler Scheduled Job Start: frappe.email.queue.flush for library.test
2021-01-31 19:40:28,203 INFO scheduler Scheduled Job Complete: frappe.email.queue.flush for library.test
2021-01-31 19:41:20,673 DEBUG scheduler Queued events for site library.test
2021-01-31 19:42:20,995 DEBUG scheduler Queued events for site library.test
2021-01-31 19:43:21,160 DEBUG scheduler Queued events for site library.test
2021-01-31 19:44:25,038 DEBUG scheduler Queued events for site library.test
2021-01-31 19:44:26,746 INFO scheduler Scheduled Job Start: frappe.monitor.flush for library.test
2021-01-31 19:44:29,256 INFO scheduler Scheduled Job Complete: frappe.monitor.flush for library.test
2021-01-31 19:44:29,293 INFO scheduler Scheduled Job Start: frappe.utils.global_search.sync_global_search for library.test
2021-01-31 19:44:29,351 INFO scheduler Scheduled Job Complete: frappe.utils.global_search.sync_global_search for library.test
2021-01-31 19:44:29,407 INFO scheduler Scheduled Job Start: frappe.integrations.doctype.razorpay_settings.razorpay_settings.capture_payment for library.test
2021-01-31 19:44:29,715 INFO scheduler Scheduled Job Complete: frappe.integrations.doctype.razorpay_settings.razorpay_settings.capture_payment for library.test
2021-01-31 19:44:29,753 INFO scheduler Scheduled Job Start: frappe.email.doctype.email_account.email_account.notify_unreplied for library.test
2021-01-31 19:44:30,606 INFO scheduler Scheduled Job Complete: frappe.email.doctype.email_account.email_account.notify_unreplied for library.test
2021-01-31 19:44:30,650 INFO scheduler Scheduled Job Start: frappe.email.doctype.email_account.email_account.pull for library.test
2021-01-31 19:44:30,962 INFO scheduler Scheduled Job Complete: frappe.email.doctype.email_account.email_account.pull for library.test
2021-01-31 19:44:30,997 INFO scheduler Scheduled Job Start: frappe.email.queue.flush for library.test
2021-01-31 19:44:31,172 INFO scheduler Scheduled Job Complete: frappe.email.queue.flush for library.test
2021-01-31 19:45:25,622 DEBUG scheduler Queued events for site library.test
2021-01-31 19:45:25,636 INFO scheduler Scheduled Job Start: frappe.twofactor.delete_all_barcodes_for_users for library.test
2021-01-31 19:45:26,853 INFO scheduler Scheduled Job Complete: frappe.twofactor.delete_all_barcodes_for_users for library.test
2021-01-31 19:45:26,991 INFO scheduler Scheduled Job Start: frappe.website.doctype.web_page.web_page.check_publish_status for library.test
2021-01-31 19:45:27,636 INFO scheduler Scheduled Job Complete: frappe.website.doctype.web_page.web_page.check_publish_status for library.test
2021-01-31 19:45:27,680 INFO scheduler Scheduled Job Start: frappe.oauth.delete_oauth2_data for library.test
2021-01-31 19:45:28,108 INFO scheduler Scheduled Job Complete: frappe.oauth.delete_oauth2_data for library.test
2021-01-31 19:46:25,903 DEBUG scheduler Queued events for site library.test
2021-01-31 19:47:26,169 DEBUG scheduler Queued events for site library.test
2021-01-31 19:48:26,488 INFO scheduler Scheduled Job Start: frappe.monitor.flush for library.test
2021-01-31 19:48:26,505 DEBUG scheduler Queued events for site library.test
2021-01-31 19:48:26,673 INFO scheduler Scheduled Job Complete: frappe.monitor.flush for library.test
2021-01-31 19:48:26,715 INFO scheduler Scheduled Job Start: frappe.utils.global_search.sync_global_search for library.test
2021-01-31 19:48:27,882 INFO scheduler Scheduled Job Complete: frappe.utils.global_search.sync_global_search for library.test
2021-01-31 19:48:27,962 INFO scheduler Scheduled Job Start: frappe.integrations.doctype.razorpay_settings.razorpay_settings.capture_payment for library.test
2021-01-31 19:48:28,481 INFO scheduler Scheduled Job Complete: frappe.integrations.doctype.razorpay_settings.razorpay_settings.capture_payment for library.test
2021-01-31 19:48:28,527 INFO scheduler Scheduled Job Start: frappe.email.doctype.email_account.email_account.notify_unreplied for library.test
2021-01-31 19:48:28,636 INFO scheduler Scheduled Job Complete: frappe.email.doctype.email_account.email_account.notify_unreplied for library.test
2021-01-31 19:48:28,698 INFO scheduler Scheduled Job Start: frappe.email.doctype.email_account.email_account.pull for library.test
2021-01-31 19:48:28,914 INFO scheduler Scheduled Job Complete: frappe.email.doctype.email_account.email_account.pull for library.test
2021-01-31 19:48:29,006 INFO scheduler Scheduled Job Start: frappe.email.queue.flush for library.test
2021-01-31 19:48:29,318 INFO scheduler Scheduled Job Complete: frappe.email.queue.flush for library.test
2021-01-31 19:49:26,698 DEBUG scheduler Queued events for site library.test
2021-01-31 19:50:26,913 DEBUG scheduler Queued events for site library.test
2021-01-31 19:51:27,103 DEBUG scheduler Queued events for site library.test
2021-01-31 19:52:27,357 INFO scheduler Scheduled Job Start: frappe.monitor.flush for library.test
2021-01-31 19:52:27,395 DEBUG scheduler Queued events for site library.test
2021-01-31 19:52:27,540 INFO scheduler Scheduled Job Complete: frappe.monitor.flush for library.test
2021-01-31 19:52:27,589 INFO scheduler Scheduled Job Start: frappe.utils.global_search.sync_global_search for library.test
2021-01-31 19:52:27,636 INFO scheduler Scheduled Job Complete: frappe.utils.global_search.sync_global_search for library.test
2021-01-31 19:52:27,675 INFO scheduler Scheduled Job Start: frappe.integrations.doctype.razorpay_settings.razorpay_settings.capture_payment for library.test
2021-01-31 19:52:27,744 INFO scheduler Scheduled Job Complete: frappe.integrations.doctype.razorpay_settings.razorpay_settings.capture_payment for library.test
2021-01-31 19:52:27,795 INFO scheduler Scheduled Job Start: frappe.email.doctype.email_account.email_account.notify_unreplied for library.test
2021-01-31 19:52:27,894 INFO scheduler Scheduled Job Complete: frappe.email.doctype.email_account.email_account.notify_unreplied for library.test
2021-01-31 19:52:27,928 INFO scheduler Scheduled Job Start: frappe.email.doctype.email_account.email_account.pull for library.test
2021-01-31 19:52:28,047 INFO scheduler Scheduled Job Complete: frappe.email.doctype.email_account.email_account.pull for library.test
2021-01-31 19:52:28,096 INFO scheduler Scheduled Job Start: frappe.email.queue.flush for library.test
2021-01-31 19:52:28,154 INFO scheduler Scheduled Job Complete: frappe.email.queue.flush for library.test
2021-01-31 19:53:27,544 DEBUG scheduler Queued events for site library.test
2021-01-31 19:54:27,736 DEBUG scheduler Queued events for site library.test
2021-01-31 19:55:28,047 DEBUG scheduler Queued events for site library.test
2021-01-31 19:56:28,377 INFO scheduler Scheduled Job Start: frappe.monitor.flush for library.test
2021-01-31 19:56:28,381 DEBUG scheduler Queued events for site library.test
2021-01-31 19:56:28,435 INFO scheduler Scheduled Job Complete: frappe.monitor.flush for library.test
2021-01-31 19:56:28,474 INFO scheduler Scheduled Job Start: frappe.utils.global_search.sync_global_search for library.test
2021-01-31 19:56:28,537 INFO scheduler Scheduled Job Complete: frappe.utils.global_search.sync_global_search for library.test
2021-01-31 19:56:28,575 INFO scheduler Scheduled Job Start: frappe.integrations.doctype.razorpay_settings.razorpay_settings.capture_payment for library.test
2021-01-31 19:56:28,637 INFO scheduler Scheduled Job Complete: frappe.integrations.doctype.razorpay_settings.razorpay_settings.capture_payment for library.test
2021-01-31 19:56:28,670 INFO scheduler Scheduled Job Start: frappe.email.doctype.email_account.email_account.notify_unreplied for library.test
2021-01-31 19:56:28,771 INFO scheduler Scheduled Job Complete: frappe.email.doctype.email_account.email_account.notify_unreplied for library.test
2021-01-31 19:56:28,806 INFO scheduler Scheduled Job Start: frappe.email.doctype.email_account.email_account.pull for library.test
2021-01-31 19:56:28,930 INFO scheduler Scheduled Job Complete: frappe.email.doctype.email_account.email_account.pull for library.test
2021-01-31 19:56:29,012 INFO scheduler Scheduled Job Start: frappe.email.queue.flush for library.test
2021-01-31 19:56:29,189 INFO scheduler Scheduled Job Complete: frappe.email.queue.flush for library.test
2021-01-31 19:57:28,596 DEBUG scheduler Queued events for site library.test
2021-01-31 19:58:28,798 DEBUG scheduler Queued events for site library.test
2021-01-31 19:59:28,979 DEBUG scheduler Queued events for site library.test
2021-01-31 20:00:29,214 INFO scheduler Scheduled Job Start: frappe.utils.password.delete_password_reset_cache for library.test
2021-01-31 20:00:29,344 DEBUG scheduler Queued events for site library.test
2021-01-31 20:00:29,570 INFO scheduler Scheduled Job Complete: frappe.utils.password.delete_password_reset_cache for library.test
2021-01-31 20:00:29,640 INFO scheduler Scheduled Job Start: frappe.email.doctype.newsletter.newsletter.send_scheduled_email for library.test
2021-01-31 20:00:30,024 INFO scheduler Scheduled Job Complete: frappe.email.doctype.newsletter.newsletter.send_scheduled_email for library.test
2021-01-31 20:00:30,093 INFO scheduler Scheduled Job Start: frappe.integrations.doctype.google_calendar.google_calendar.sync for library.test
2021-01-31 20:00:30,953 INFO scheduler Scheduled Job Complete: frappe.integrations.doctype.google_calendar.google_calendar.sync for library.test
2021-01-31 20:00:30,998 INFO scheduler Scheduled Job Start: frappe.desk.form.document_follow.send_hourly_updates for library.test
2021-01-31 20:00:31,131 INFO scheduler Scheduled Job Complete: frappe.desk.form.document_follow.send_hourly_updates for library.test
2021-01-31 20:00:31,189 INFO scheduler Scheduled Job Start: frappe.deferred_insert.save_to_db for library.test
2021-01-31 20:00:31,553 INFO scheduler Scheduled Job Complete: frappe.deferred_insert.save_to_db for library.test
2021-01-31 20:00:31,639 INFO scheduler Scheduled Job Start: frappe.desk.page.backups.backups.delete_downloadable_backups for library.test
2021-01-31 20:00:31,862 INFO scheduler Scheduled Job Complete: frappe.desk.page.backups.backups.delete_downloadable_backups for library.test
2021-01-31 20:00:31,902 INFO scheduler Scheduled Job Start: frappe.utils.error.collect_error_snapshots for library.test
2021-01-31 20:00:32,493 INFO scheduler Scheduled Job Complete: frappe.utils.error.collect_error_snapshots for library.test
2021-01-31 20:00:32,576 INFO scheduler Scheduled Job Start: frappe.model.utils.user_settings.sync_user_settings for library.test
2021-01-31 20:00:32,840 INFO scheduler Scheduled Job Complete: frappe.model.utils.user_settings.sync_user_settings for library.test
2021-01-31 20:00:32,908 INFO scheduler Scheduled Job Start: frappe.model.utils.link_count.update_link_count for library.test
2021-01-31 20:00:33,237 INFO scheduler Scheduled Job Complete: frappe.model.utils.link_count.update_link_count for library.test
2021-01-31 20:00:33,319 INFO scheduler Scheduled Job Start: frappe.monitor.flush for library.test
2021-01-31 20:00:33,374 INFO scheduler Scheduled Job Complete: frappe.monitor.flush for library.test
2021-01-31 20:00:33,434 INFO scheduler Scheduled Job Start: frappe.utils.global_search.sync_global_search for library.test
2021-01-31 20:00:33,567 INFO scheduler Scheduled Job Complete: frappe.utils.global_search.sync_global_search for library.test
2021-01-31 20:00:33,626 INFO scheduler Scheduled Job Start: frappe.integrations.doctype.razorpay_settings.razorpay_settings.capture_payment for library.test
2021-01-31 20:00:33,718 INFO scheduler Scheduled Job Complete: frappe.integrations.doctype.razorpay_settings.razorpay_settings.capture_payment for library.test
2021-01-31 20:00:33,757 INFO scheduler Scheduled Job Start: frappe.email.doctype.email_account.email_account.notify_unreplied for library.test
2021-01-31 20:00:33,865 INFO scheduler Scheduled Job Complete: frappe.email.doctype.email_account.email_account.notify_unreplied for library.test
2021-01-31 20:00:33,900 INFO scheduler Scheduled Job Start: frappe.email.doctype.email_account.email_account.pull for library.test
2021-01-31 20:00:34,004 INFO scheduler Scheduled Job Complete: frappe.email.doctype.email_account.email_account.pull for library.test
2021-01-31 20:00:34,039 INFO scheduler Scheduled Job Start: frappe.email.queue.flush for library.test
2021-01-31 20:00:34,103 INFO scheduler Scheduled Job Complete: frappe.email.queue.flush for library.test
2021-01-31 20:00:34,146 INFO scheduler Scheduled Job Start: frappe.twofactor.delete_all_barcodes_for_users for library.test
2021-01-31 20:00:34,281 INFO scheduler Scheduled Job Complete: frappe.twofactor.delete_all_barcodes_for_users for library.test
2021-01-31 20:00:34,324 INFO scheduler Scheduled Job Start: frappe.website.doctype.web_page.web_page.check_publish_status for library.test
2021-01-31 20:00:34,470 INFO scheduler Scheduled Job Complete: frappe.website.doctype.web_page.web_page.check_publish_status for library.test
2021-01-31 20:00:34,513 INFO scheduler Scheduled Job Start: frappe.oauth.delete_oauth2_data for library.test
2021-01-31 20:00:34,894 INFO scheduler Scheduled Job Complete: frappe.oauth.delete_oauth2_data for library.test
2021-01-31 20:01:29,701 DEBUG scheduler Queued events for site library.test
2021-01-31 20:02:29,867 DEBUG scheduler Queued events for site library.test
2021-01-31 20:03:30,058 DEBUG scheduler Queued events for site library.test
2021-01-31 20:04:30,258 INFO scheduler Scheduled Job Start: frappe.monitor.flush for library.test
2021-01-31 20:04:30,284 DEBUG scheduler Queued events for site library.test
2021-01-31 20:04:30,324 INFO scheduler Scheduled Job Complete: frappe.monitor.flush for library.test
2021-01-31 20:04:30,356 INFO scheduler Scheduled Job Start: frappe.utils.global_search.sync_global_search for library.test
2021-01-31 20:04:30,405 INFO scheduler Scheduled Job Complete: frappe.utils.global_search.sync_global_search for library.test
2021-01-31 20:04:30,438 INFO scheduler Scheduled Job Start: frappe.integrations.doctype.razorpay_settings.razorpay_settings.capture_payment for library.test
2021-01-31 20:04:30,498 INFO scheduler Scheduled Job Complete: frappe.integrations.doctype.razorpay_settings.razorpay_settings.capture_payment for library.test
2021-01-31 20:04:30,533 INFO scheduler Scheduled Job Start: frappe.email.doctype.email_account.email_account.notify_unreplied for library.test
2021-01-31 20:04:30,610 INFO scheduler Scheduled Job Complete: frappe.email.doctype.email_account.email_account.notify_unreplied for library.test
2021-01-31 20:04:30,649 INFO scheduler Scheduled Job Start: frappe.email.doctype.email_account.email_account.pull for library.test
2021-01-31 20:04:30,733 INFO scheduler Scheduled Job Complete: frappe.email.doctype.email_account.email_account.pull for library.test
2021-01-31 20:04:30,768 INFO scheduler Scheduled Job Start: frappe.email.queue.flush for library.test
2021-01-31 20:04:30,857 INFO scheduler Scheduled Job Complete: frappe.email.queue.flush for library.test
2021-01-31 20:05:30,462 DEBUG scheduler Queued events for site library.test
2021-01-31 20:19:43,021 DEBUG scheduler Queued events for site library.test
2021-01-31 20:19:43,023 INFO scheduler Scheduled Job Start: frappe.monitor.flush for library.test
2021-01-31 20:19:43,948 INFO scheduler Scheduled Job Complete: frappe.monitor.flush for library.test
2021-01-31 20:19:44,073 INFO scheduler Scheduled Job Start: frappe.utils.global_search.sync_global_search for library.test
2021-01-31 20:19:44,216 INFO scheduler Scheduled Job Complete: frappe.utils.global_search.sync_global_search for library.test
2021-01-31 20:19:44,327 INFO scheduler Scheduled Job Start: frappe.integrations.doctype.razorpay_settings.razorpay_settings.capture_payment for library.test
2021-01-31 20:19:44,904 INFO scheduler Scheduled Job Complete: frappe.integrations.doctype.razorpay_settings.razorpay_settings.capture_payment for library.test
2021-01-31 20:19:44,977 INFO scheduler Scheduled Job Start: frappe.email.doctype.email_account.email_account.notify_unreplied for library.test
2021-01-31 20:19:45,745 INFO scheduler Scheduled Job Complete: frappe.email.doctype.email_account.email_account.notify_unreplied for library.test
2021-01-31 20:19:45,814 INFO scheduler Scheduled Job Start: frappe.email.doctype.email_account.email_account.pull for library.test
2021-01-31 20:19:46,096 INFO scheduler Scheduled Job Complete: frappe.email.doctype.email_account.email_account.pull for library.test
2021-01-31 20:19:46,200 INFO scheduler Scheduled Job Start: frappe.email.queue.flush for library.test
2021-01-31 20:19:46,456 INFO scheduler Scheduled Job Complete: frappe.email.queue.flush for library.test
2021-01-31 20:19:46,589 INFO scheduler Scheduled Job Start: frappe.twofactor.delete_all_barcodes_for_users for library.test
2021-01-31 20:19:47,843 INFO scheduler Scheduled Job Complete: frappe.twofactor.delete_all_barcodes_for_users for library.test
2021-01-31 20:19:47,967 INFO scheduler Scheduled Job Start: frappe.website.doctype.web_page.web_page.check_publish_status for library.test
2021-01-31 20:19:49,155 INFO scheduler Scheduled Job Complete: frappe.website.doctype.web_page.web_page.check_publish_status for library.test
2021-01-31 20:19:49,370 INFO scheduler Scheduled Job Start: frappe.oauth.delete_oauth2_data for library.test
2021-01-31 20:19:49,931 INFO scheduler Scheduled Job Complete: frappe.oauth.delete_oauth2_data for library.test
2021-01-31 20:20:43,782 DEBUG scheduler Queued events for site library.test
2021-01-31 20:20:43,792 INFO scheduler Scheduled Job Start: frappe.monitor.flush for library.test
2021-01-31 20:20:43,843 INFO scheduler Scheduled Job Complete: frappe.monitor.flush for library.test
2021-01-31 20:20:43,879 INFO scheduler Scheduled Job Start: frappe.utils.global_search.sync_global_search for library.test
2021-01-31 20:20:43,923 INFO scheduler Scheduled Job Complete: frappe.utils.global_search.sync_global_search for library.test
2021-01-31 20:20:43,956 INFO scheduler Scheduled Job Start: frappe.integrations.doctype.razorpay_settings.razorpay_settings.capture_payment for library.test
2021-01-31 20:20:44,099 INFO scheduler Scheduled Job Complete: frappe.integrations.doctype.razorpay_settings.razorpay_settings.capture_payment for library.test
2021-01-31 20:20:44,134 INFO scheduler Scheduled Job Start: frappe.email.doctype.email_account.email_account.notify_unreplied for library.test
2021-01-31 20:20:44,271 INFO scheduler Scheduled Job Complete: frappe.email.doctype.email_account.email_account.notify_unreplied for library.test
2021-01-31 20:20:44,362 INFO scheduler Scheduled Job Start: frappe.email.doctype.email_account.email_account.pull for library.test
2021-01-31 20:20:44,567 INFO scheduler Scheduled Job Complete: frappe.email.doctype.email_account.email_account.pull for library.test
2021-01-31 20:20:44,634 INFO scheduler Scheduled Job Start: frappe.email.queue.flush for library.test
2021-01-31 20:20:44,802 INFO scheduler Scheduled Job Complete: frappe.email.queue.flush for library.test
2021-01-31 20:21:44,140 DEBUG scheduler Queued events for site library.test
2021-01-31 20:22:44,483 DEBUG scheduler Queued events for site library.test
2021-01-31 20:23:49,144 DEBUG scheduler Queued events for site library.test
2021-01-31 20:24:50,155 DEBUG scheduler Queued events for site library.test
2021-01-31 20:24:50,550 INFO scheduler Scheduled Job Start: frappe.monitor.flush for library.test
2021-01-31 20:24:51,427 INFO scheduler Scheduled Job Complete: frappe.monitor.flush for library.test
2021-01-31 20:24:51,462 INFO scheduler Scheduled Job Start: frappe.utils.global_search.sync_global_search for library.test
2021-01-31 20:24:51,858 INFO scheduler Scheduled Job Complete: frappe.utils.global_search.sync_global_search for library.test
2021-01-31 20:24:51,907 INFO scheduler Scheduled Job Start: frappe.integrations.doctype.razorpay_settings.razorpay_settings.capture_payment for library.test
2021-01-31 20:24:52,159 INFO scheduler Scheduled Job Complete: frappe.integrations.doctype.razorpay_settings.razorpay_settings.capture_payment for library.test
2021-01-31 20:24:52,213 INFO scheduler Scheduled Job Start: frappe.email.doctype.email_account.email_account.notify_unreplied for library.test
2021-01-31 20:24:52,766 INFO scheduler Scheduled Job Complete: frappe.email.doctype.email_account.email_account.notify_unreplied for library.test
2021-01-31 20:24:52,800 INFO scheduler Scheduled Job Start: frappe.email.doctype.email_account.email_account.pull for library.test
2021-01-31 20:24:52,900 INFO scheduler Scheduled Job Complete: frappe.email.doctype.email_account.email_account.pull for library.test
2021-01-31 20:24:52,935 INFO scheduler Scheduled Job Start: frappe.email.queue.flush for library.test
2021-01-31 20:24:53,054 INFO scheduler Scheduled Job Complete: frappe.email.queue.flush for library.test
2021-01-31 20:25:50,394 DEBUG scheduler Queued events for site library.test
2021-01-31 20:26:50,595 DEBUG scheduler Queued events for site library.test
2021-01-31 20:27:51,001 DEBUG scheduler Queued events for site library.test
2021-01-31 20:28:51,284 DEBUG scheduler Queued events for site library.test
2021-01-31 20:28:51,351 INFO scheduler Scheduled Job Start: frappe.monitor.flush for library.test
2021-01-31 20:28:51,415 INFO scheduler Scheduled Job Complete: frappe.monitor.flush for library.test
2021-01-31 20:28:51,458 INFO scheduler Scheduled Job Start: frappe.utils.global_search.sync_global_search for library.test
2021-01-31 20:28:51,507 INFO scheduler Scheduled Job Complete: frappe.utils.global_search.sync_global_search for library.test
2021-01-31 20:28:51,541 INFO scheduler Scheduled Job Start: frappe.integrations.doctype.razorpay_settings.razorpay_settings.capture_payment for library.test
2021-01-31 20:28:51,599 INFO scheduler Scheduled Job Complete: frappe.integrations.doctype.razorpay_settings.razorpay_settings.capture_payment for library.test
2021-01-31 20:28:51,634 INFO scheduler Scheduled Job Start: frappe.email.doctype.email_account.email_account.notify_unreplied for library.test
2021-01-31 20:28:51,829 INFO scheduler Scheduled Job Complete: frappe.email.doctype.email_account.email_account.notify_unreplied for library.test
2021-01-31 20:28:51,863 INFO scheduler Scheduled Job Start: frappe.email.doctype.email_account.email_account.pull for library.test
2021-01-31 20:28:51,957 INFO scheduler Scheduled Job Complete: frappe.email.doctype.email_account.email_account.pull for library.test
2021-01-31 20:28:51,996 INFO scheduler Scheduled Job Start: frappe.email.queue.flush for library.test
2021-01-31 20:28:52,059 INFO scheduler Scheduled Job Complete: frappe.email.queue.flush for library.test
2021-01-31 20:29:51,481 DEBUG scheduler Queued events for site library.test
2021-01-31 20:30:51,695 DEBUG scheduler Queued events for site library.test
2021-01-31 20:30:51,717 INFO scheduler Scheduled Job Start: frappe.twofactor.delete_all_barcodes_for_users for library.test
2021-01-31 20:30:52,156 INFO scheduler Scheduled Job Complete: frappe.twofactor.delete_all_barcodes_for_users for library.test
2021-01-31 20:30:52,202 INFO scheduler Scheduled Job Start: frappe.website.doctype.web_page.web_page.check_publish_status for library.test
2021-01-31 20:30:52,355 INFO scheduler Scheduled Job Complete: frappe.website.doctype.web_page.web_page.check_publish_status for library.test
2021-01-31 20:30:52,433 INFO scheduler Scheduled Job Start: frappe.oauth.delete_oauth2_data for library.test
2021-01-31 20:30:52,750 INFO scheduler Scheduled Job Complete: frappe.oauth.delete_oauth2_data for library.test
2021-01-31 20:31:51,875 DEBUG scheduler Queued events for site library.test
2021-01-31 20:32:52,138 INFO scheduler Scheduled Job Start: frappe.monitor.flush for library.test
2021-01-31 20:32:52,143 DEBUG scheduler Queued events for site library.test
2021-01-31 20:32:52,329 INFO scheduler Scheduled Job Complete: frappe.monitor.flush for library.test
2021-01-31 20:32:52,367 INFO scheduler Scheduled Job Start: frappe.utils.global_search.sync_global_search for library.test
2021-01-31 20:32:52,421 INFO scheduler Scheduled Job Complete: frappe.utils.global_search.sync_global_search for library.test
2021-01-31 20:32:52,481 INFO scheduler Scheduled Job Start: frappe.integrations.doctype.razorpay_settings.razorpay_settings.capture_payment for library.test
2021-01-31 20:32:52,546 INFO scheduler Scheduled Job Complete: frappe.integrations.doctype.razorpay_settings.razorpay_settings.capture_payment for library.test
2021-01-31 20:32:52,582 INFO scheduler Scheduled Job Start: frappe.email.doctype.email_account.email_account.notify_unreplied for library.test
2021-01-31 20:32:52,722 INFO scheduler Scheduled Job Complete: frappe.email.doctype.email_account.email_account.notify_unreplied for library.test
2021-01-31 20:32:52,758 INFO scheduler Scheduled Job Start: frappe.email.doctype.email_account.email_account.pull for library.test
2021-01-31 20:32:52,863 INFO scheduler Scheduled Job Complete: frappe.email.doctype.email_account.email_account.pull for library.test
2021-01-31 20:32:52,897 INFO scheduler Scheduled Job Start: frappe.email.queue.flush for library.test
2021-01-31 20:32:52,967 INFO scheduler Scheduled Job Complete: frappe.email.queue.flush for library.test
2021-01-31 20:33:52,369 DEBUG scheduler Queued events for site library.test
2021-01-31 20:34:52,602 DEBUG scheduler Queued events for site library.test
2021-01-31 20:35:52,769 DEBUG scheduler Queued events for site library.test
2021-01-31 20:36:53,011 DEBUG scheduler Queued events for site library.test
2021-01-31 20:36:53,017 INFO scheduler Scheduled Job Start: frappe.monitor.flush for library.test
2021-01-31 20:36:53,205 INFO scheduler Scheduled Job Complete: frappe.monitor.flush for library.test
2021-01-31 20:36:53,263 INFO scheduler Scheduled Job Start: frappe.utils.global_search.sync_global_search for library.test
2021-01-31 20:36:53,322 INFO scheduler Scheduled Job Complete: frappe.utils.global_search.sync_global_search for library.test
2021-01-31 20:36:53,365 INFO scheduler Scheduled Job Start: frappe.integrations.doctype.razorpay_settings.razorpay_settings.capture_payment for library.test
2021-01-31 20:36:53,458 INFO scheduler Scheduled Job Complete: frappe.integrations.doctype.razorpay_settings.razorpay_settings.capture_payment for library.test
2021-01-31 20:36:53,494 INFO scheduler Scheduled Job Start: frappe.email.doctype.email_account.email_account.notify_unreplied for library.test
2021-01-31 20:36:53,587 INFO scheduler Scheduled Job Complete: frappe.email.doctype.email_account.email_account.notify_unreplied for library.test
2021-01-31 20:36:53,633 INFO scheduler Scheduled Job Start: frappe.email.doctype.email_account.email_account.pull for library.test
2021-01-31 20:36:53,758 INFO scheduler Scheduled Job Complete: frappe.email.doctype.email_account.email_account.pull for library.test
2021-01-31 20:36:53,803 INFO scheduler Scheduled Job Start: frappe.email.queue.flush for library.test
2021-01-31 20:36:53,869 INFO scheduler Scheduled Job Complete: frappe.email.queue.flush for library.test
2021-01-31 20:37:53,185 DEBUG scheduler Queued events for site library.test
2021-01-31 20:38:53,347 DEBUG scheduler Queued events for site library.test
2021-01-31 20:39:53,509 DEBUG scheduler Queued events for site library.test
2021-01-31 20:40:53,721 DEBUG scheduler Queued events for site library.test
2021-01-31 20:40:53,724 INFO scheduler Scheduled Job Start: frappe.monitor.flush for library.test
2021-01-31 20:40:53,828 INFO scheduler Scheduled Job Complete: frappe.monitor.flush for library.test
2021-01-31 20:40:53,982 INFO scheduler Scheduled Job Start: frappe.utils.global_search.sync_global_search for library.test
2021-01-31 20:40:54,029 INFO scheduler Scheduled Job Complete: frappe.utils.global_search.sync_global_search for library.test
2021-01-31 20:40:54,060 INFO scheduler Scheduled Job Start: frappe.integrations.doctype.razorpay_settings.razorpay_settings.capture_payment for library.test
2021-01-31 20:40:54,122 INFO scheduler Scheduled Job Complete: frappe.integrations.doctype.razorpay_settings.razorpay_settings.capture_payment for library.test
2021-01-31 20:40:54,154 INFO scheduler Scheduled Job Start: frappe.email.doctype.email_account.email_account.notify_unreplied for library.test
2021-01-31 20:40:54,231 INFO scheduler Scheduled Job Complete: frappe.email.doctype.email_account.email_account.notify_unreplied for library.test
2021-01-31 20:40:54,262 INFO scheduler Scheduled Job Start: frappe.email.doctype.email_account.email_account.pull for library.test
2021-01-31 20:40:54,362 INFO scheduler Scheduled Job Complete: frappe.email.doctype.email_account.email_account.pull for library.test
2021-01-31 20:40:54,393 INFO scheduler Scheduled Job Start: frappe.email.queue.flush for library.test
2021-01-31 20:40:54,453 INFO scheduler Scheduled Job Complete: frappe.email.queue.flush for library.test
2021-01-31 20:41:53,886 DEBUG scheduler Queued events for site library.test
2021-01-31 20:42:54,056 DEBUG scheduler Queued events for site library.test
2021-01-31 20:43:54,796 DEBUG scheduler Queued events for site library.test
2021-01-31 20:44:55,170 DEBUG scheduler Queued events for site library.test
2021-01-31 20:44:58,156 INFO scheduler Scheduled Job Start: frappe.monitor.flush for library.test
2021-01-31 20:44:59,374 INFO scheduler Scheduled Job Complete: frappe.monitor.flush for library.test
2021-01-31 20:44:59,423 INFO scheduler Scheduled Job Start: frappe.utils.global_search.sync_global_search for library.test
2021-01-31 20:44:59,481 INFO scheduler Scheduled Job Complete: frappe.utils.global_search.sync_global_search for library.test
2021-01-31 20:44:59,567 INFO scheduler Scheduled Job Start: frappe.integrations.doctype.razorpay_settings.razorpay_settings.capture_payment for library.test
2021-01-31 20:44:59,824 INFO scheduler Scheduled Job Complete: frappe.integrations.doctype.razorpay_settings.razorpay_settings.capture_payment for library.test
2021-01-31 20:44:59,861 INFO scheduler Scheduled Job Start: frappe.email.doctype.email_account.email_account.notify_unreplied for library.test
2021-01-31 20:45:00,563 INFO scheduler Scheduled Job Complete: frappe.email.doctype.email_account.email_account.notify_unreplied for library.test
2021-01-31 20:45:00,601 INFO scheduler Scheduled Job Start: frappe.email.doctype.email_account.email_account.pull for library.test
2021-01-31 20:45:01,173 INFO scheduler Scheduled Job Complete: frappe.email.doctype.email_account.email_account.pull for library.test
2021-01-31 20:45:01,215 INFO scheduler Scheduled Job Start: frappe.email.queue.flush for library.test
2021-01-31 20:45:01,562 INFO scheduler Scheduled Job Complete: frappe.email.queue.flush for library.test
2021-01-31 22:50:25,389 INFO scheduler Scheduled Job Start: frappe.utils.password.delete_password_reset_cache for library.test
2021-01-31 22:50:25,391 DEBUG scheduler Queued events for site library.test
2021-01-31 22:50:33,308 INFO scheduler Scheduled Job Complete: frappe.utils.password.delete_password_reset_cache for library.test
2021-01-31 22:50:33,653 INFO scheduler Scheduled Job Start: frappe.email.doctype.newsletter.newsletter.send_scheduled_email for library.test
2021-01-31 22:50:33,965 INFO scheduler Scheduled Job Complete: frappe.email.doctype.newsletter.newsletter.send_scheduled_email for library.test
2021-01-31 22:50:34,029 INFO scheduler Scheduled Job Start: frappe.integrations.doctype.google_calendar.google_calendar.sync for library.test
2021-01-31 22:50:35,149 INFO scheduler Scheduled Job Complete: frappe.integrations.doctype.google_calendar.google_calendar.sync for library.test
2021-01-31 22:50:35,209 INFO scheduler Scheduled Job Start: frappe.desk.form.document_follow.send_hourly_updates for library.test
2021-01-31 22:50:35,474 INFO scheduler Scheduled Job Complete: frappe.desk.form.document_follow.send_hourly_updates for library.test
2021-01-31 22:50:35,544 INFO scheduler Scheduled Job Start: frappe.deferred_insert.save_to_db for library.test
2021-01-31 22:50:35,835 INFO scheduler Scheduled Job Complete: frappe.deferred_insert.save_to_db for library.test
2021-01-31 22:50:35,909 INFO scheduler Scheduled Job Start: frappe.desk.page.backups.backups.delete_downloadable_backups for library.test
2021-01-31 22:50:36,294 INFO scheduler Scheduled Job Complete: frappe.desk.page.backups.backups.delete_downloadable_backups for library.test
2021-01-31 22:50:36,356 INFO scheduler Scheduled Job Start: frappe.utils.error.collect_error_snapshots for library.test
2021-01-31 22:50:36,576 INFO scheduler Scheduled Job Complete: frappe.utils.error.collect_error_snapshots for library.test
2021-01-31 22:50:36,641 INFO scheduler Scheduled Job Start: frappe.model.utils.user_settings.sync_user_settings for library.test
2021-01-31 22:50:36,857 INFO scheduler Scheduled Job Complete: frappe.model.utils.user_settings.sync_user_settings for library.test
2021-01-31 22:50:36,918 INFO scheduler Scheduled Job Start: frappe.model.utils.link_count.update_link_count for library.test
2021-01-31 22:50:37,114 INFO scheduler Scheduled Job Complete: frappe.model.utils.link_count.update_link_count for library.test
2021-01-31 22:50:37,175 INFO scheduler Scheduled Job Start: frappe.monitor.flush for library.test
2021-01-31 22:50:37,275 INFO scheduler Scheduled Job Complete: frappe.monitor.flush for library.test
2021-01-31 22:50:37,325 INFO scheduler Scheduled Job Start: frappe.utils.global_search.sync_global_search for library.test
2021-01-31 22:50:37,423 INFO scheduler Scheduled Job Complete: frappe.utils.global_search.sync_global_search for library.test
2021-01-31 22:50:37,480 INFO scheduler Scheduled Job Start: frappe.integrations.doctype.razorpay_settings.razorpay_settings.capture_payment for library.test
2021-01-31 22:50:37,758 INFO scheduler Scheduled Job Complete: frappe.integrations.doctype.razorpay_settings.razorpay_settings.capture_payment for library.test
2021-01-31 22:50:37,791 INFO scheduler Scheduled Job Start: frappe.email.doctype.email_account.email_account.notify_unreplied for library.test
2021-01-31 22:50:38,307 INFO scheduler Scheduled Job Complete: frappe.email.doctype.email_account.email_account.notify_unreplied for library.test
2021-01-31 22:50:38,365 INFO scheduler Scheduled Job Start: frappe.email.doctype.email_account.email_account.pull for library.test
2021-01-31 22:50:38,548 INFO scheduler Scheduled Job Complete: frappe.email.doctype.email_account.email_account.pull for library.test
2021-01-31 22:50:38,604 INFO scheduler Scheduled Job Start: frappe.email.queue.flush for library.test
2021-01-31 22:50:38,721 INFO scheduler Scheduled Job Complete: frappe.email.queue.flush for library.test
2021-01-31 22:50:38,776 INFO scheduler Scheduled Job Start: frappe.twofactor.delete_all_barcodes_for_users for library.test
2021-01-31 22:50:39,090 INFO scheduler Scheduled Job Complete: frappe.twofactor.delete_all_barcodes_for_users for library.test
2021-01-31 22:50:39,167 INFO scheduler Scheduled Job Start: frappe.website.doctype.web_page.web_page.check_publish_status for library.test
2021-01-31 22:50:39,506 INFO scheduler Scheduled Job Complete: frappe.website.doctype.web_page.web_page.check_publish_status for library.test
2021-01-31 22:50:39,607 INFO scheduler Scheduled Job Start: frappe.oauth.delete_oauth2_data for library.test
2021-01-31 22:50:40,253 INFO scheduler Scheduled Job Complete: frappe.oauth.delete_oauth2_data for library.test
2021-01-31 22:51:26,384 DEBUG scheduler Queued events for site library.test
2021-01-31 22:52:26,725 DEBUG scheduler Queued events for site library.test
2021-01-31 22:52:27,592 INFO scheduler Scheduled Job Start: frappe.monitor.flush for library.test
2021-01-31 22:52:28,155 INFO scheduler Scheduled Job Complete: frappe.monitor.flush for library.test
2021-01-31 22:52:28,183 INFO scheduler Scheduled Job Start: frappe.utils.global_search.sync_global_search for library.test
2021-01-31 22:52:28,227 INFO scheduler Scheduled Job Complete: frappe.utils.global_search.sync_global_search for library.test
2021-01-31 22:52:28,256 INFO scheduler Scheduled Job Start: frappe.integrations.doctype.razorpay_settings.razorpay_settings.capture_payment for library.test
2021-01-31 22:52:28,941 INFO scheduler Scheduled Job Complete: frappe.integrations.doctype.razorpay_settings.razorpay_settings.capture_payment for library.test
2021-01-31 22:52:28,979 INFO scheduler Scheduled Job Start: frappe.email.doctype.email_account.email_account.notify_unreplied for library.test
2021-01-31 22:52:30,648 INFO scheduler Scheduled Job Complete: frappe.email.doctype.email_account.email_account.notify_unreplied for library.test
2021-01-31 22:52:30,679 INFO scheduler Scheduled Job Start: frappe.email.doctype.email_account.email_account.pull for library.test
2021-01-31 22:52:30,782 INFO scheduler Scheduled Job Complete: frappe.email.doctype.email_account.email_account.pull for library.test
2021-01-31 22:52:30,815 INFO scheduler Scheduled Job Start: frappe.email.queue.flush for library.test
2021-01-31 22:52:30,932 INFO scheduler Scheduled Job Complete: frappe.email.queue.flush for library.test
2021-01-31 22:53:26,906 DEBUG scheduler Queued events for site library.test
2021-01-31 22:54:27,165 DEBUG scheduler Queued events for site library.test
2021-01-31 22:55:27,389 DEBUG scheduler Queued events for site library.test
2021-01-31 22:56:27,598 DEBUG scheduler Queued events for site library.test
2021-01-31 22:56:28,595 INFO scheduler Scheduled Job Start: frappe.monitor.flush for library.test
2021-01-31 22:56:30,735 INFO scheduler Scheduled Job Complete: frappe.monitor.flush for library.test
2021-01-31 22:56:30,764 INFO scheduler Scheduled Job Start: frappe.utils.global_search.sync_global_search for library.test
2021-01-31 22:56:30,954 INFO scheduler Scheduled Job Complete: frappe.utils.global_search.sync_global_search for library.test
2021-01-31 22:56:30,985 INFO scheduler Scheduled Job Start: frappe.integrations.doctype.razorpay_settings.razorpay_settings.capture_payment for library.test
2021-01-31 22:56:32,857 INFO scheduler Scheduled Job Complete: frappe.integrations.doctype.razorpay_settings.razorpay_settings.capture_payment for library.test
2021-01-31 22:56:32,887 INFO scheduler Scheduled Job Start: frappe.email.doctype.email_account.email_account.notify_unreplied for library.test
2021-01-31 22:56:34,659 INFO scheduler Scheduled Job Complete: frappe.email.doctype.email_account.email_account.notify_unreplied for library.test
2021-01-31 22:56:34,690 INFO scheduler Scheduled Job Start: frappe.email.doctype.email_account.email_account.pull for library.test
2021-01-31 22:56:34,991 INFO scheduler Scheduled Job Complete: frappe.email.doctype.email_account.email_account.pull for library.test
2021-01-31 22:56:35,021 INFO scheduler Scheduled Job Start: frappe.email.queue.flush for library.test
2021-01-31 22:56:35,085 INFO scheduler Scheduled Job Complete: frappe.email.queue.flush for library.test
2021-01-31 22:57:27,774 DEBUG scheduler Queued events for site library.test
2021-01-31 22:58:27,935 DEBUG scheduler Queued events for site library.test
2021-01-31 22:59:28,116 DEBUG scheduler Queued events for site library.test
2021-01-31 23:00:28,311 INFO scheduler Scheduled Job Start: frappe.utils.password.delete_password_reset_cache for library.test
2021-01-31 23:00:28,426 DEBUG scheduler Queued events for site library.test
2021-01-31 23:00:29,041 INFO scheduler Scheduled Job Complete: frappe.utils.password.delete_password_reset_cache for library.test
2021-01-31 23:00:29,078 INFO scheduler Scheduled Job Start: frappe.email.doctype.newsletter.newsletter.send_scheduled_email for library.test
2021-01-31 23:00:30,170 INFO scheduler Scheduled Job Complete: frappe.email.doctype.newsletter.newsletter.send_scheduled_email for library.test
2021-01-31 23:00:30,209 INFO scheduler Scheduled Job Start: frappe.integrations.doctype.google_calendar.google_calendar.sync for library.test
2021-01-31 23:00:31,365 INFO scheduler Scheduled Job Complete: frappe.integrations.doctype.google_calendar.google_calendar.sync for library.test
2021-01-31 23:00:31,403 INFO scheduler Scheduled Job Start: frappe.desk.form.document_follow.send_hourly_updates for library.test
2021-01-31 23:00:31,523 INFO scheduler Scheduled Job Complete: frappe.desk.form.document_follow.send_hourly_updates for library.test
2021-01-31 23:00:31,563 INFO scheduler Scheduled Job Start: frappe.deferred_insert.save_to_db for library.test
2021-01-31 23:00:31,891 INFO scheduler Scheduled Job Complete: frappe.deferred_insert.save_to_db for library.test
2021-01-31 23:00:31,926 INFO scheduler Scheduled Job Start: frappe.desk.page.backups.backups.delete_downloadable_backups for library.test
2021-01-31 23:00:32,364 INFO scheduler Scheduled Job Complete: frappe.desk.page.backups.backups.delete_downloadable_backups for library.test
2021-01-31 23:00:32,401 INFO scheduler Scheduled Job Start: frappe.utils.error.collect_error_snapshots for library.test
2021-01-31 23:00:32,926 INFO scheduler Scheduled Job Complete: frappe.utils.error.collect_error_snapshots for library.test
2021-01-31 23:00:32,964 INFO scheduler Scheduled Job Start: frappe.model.utils.user_settings.sync_user_settings for library.test
2021-01-31 23:00:33,085 INFO scheduler Scheduled Job Complete: frappe.model.utils.user_settings.sync_user_settings for library.test
2021-01-31 23:00:33,124 INFO scheduler Scheduled Job Start: frappe.model.utils.link_count.update_link_count for library.test
2021-01-31 23:00:33,234 INFO scheduler Scheduled Job Complete: frappe.model.utils.link_count.update_link_count for library.test
2021-01-31 23:00:33,272 INFO scheduler Scheduled Job Start: frappe.monitor.flush for library.test
2021-01-31 23:00:33,316 INFO scheduler Scheduled Job Complete: frappe.monitor.flush for library.test
2021-01-31 23:00:33,350 INFO scheduler Scheduled Job Start: frappe.utils.global_search.sync_global_search for library.test
2021-01-31 23:00:33,395 INFO scheduler Scheduled Job Complete: frappe.utils.global_search.sync_global_search for library.test
2021-01-31 23:00:33,431 INFO scheduler Scheduled Job Start: frappe.integrations.doctype.razorpay_settings.razorpay_settings.capture_payment for library.test
2021-01-31 23:00:33,494 INFO scheduler Scheduled Job Complete: frappe.integrations.doctype.razorpay_settings.razorpay_settings.capture_payment for library.test
2021-01-31 23:00:33,530 INFO scheduler Scheduled Job Start: frappe.email.doctype.email_account.email_account.notify_unreplied for library.test
2021-01-31 23:00:33,611 INFO scheduler Scheduled Job Complete: frappe.email.doctype.email_account.email_account.notify_unreplied for library.test
2021-01-31 23:00:33,644 INFO scheduler Scheduled Job Start: frappe.email.doctype.email_account.email_account.pull for library.test
2021-01-31 23:00:33,737 INFO scheduler Scheduled Job Complete: frappe.email.doctype.email_account.email_account.pull for library.test
2021-01-31 23:00:33,783 INFO scheduler Scheduled Job Start: frappe.email.queue.flush for library.test
2021-01-31 23:00:33,845 INFO scheduler Scheduled Job Complete: frappe.email.queue.flush for library.test
2021-01-31 23:00:33,883 INFO scheduler Scheduled Job Start: frappe.twofactor.delete_all_barcodes_for_users for library.test
2021-01-31 23:00:34,333 INFO scheduler Scheduled Job Complete: frappe.twofactor.delete_all_barcodes_for_users for library.test
2021-01-31 23:00:34,382 INFO scheduler Scheduled Job Start: frappe.website.doctype.web_page.web_page.check_publish_status for library.test
2021-01-31 23:00:34,711 INFO scheduler Scheduled Job Complete: frappe.website.doctype.web_page.web_page.check_publish_status for library.test
2021-01-31 23:00:34,755 INFO scheduler Scheduled Job Start: frappe.oauth.delete_oauth2_data for library.test
2021-01-31 23:00:35,393 INFO scheduler Scheduled Job Complete: frappe.oauth.delete_oauth2_data for library.test
2021-01-31 23:01:28,598 DEBUG scheduler Queued events for site library.test
2021-01-31 23:02:28,742 DEBUG scheduler Queued events for site library.test
2021-01-31 23:03:28,938 DEBUG scheduler Queued events for site library.test
2021-01-31 23:04:29,169 INFO scheduler Scheduled Job Start: frappe.monitor.flush for library.test
2021-01-31 23:04:29,179 DEBUG scheduler Queued events for site library.test
2021-01-31 23:04:29,277 INFO scheduler Scheduled Job Complete: frappe.monitor.flush for library.test
2021-01-31 23:04:29,310 INFO scheduler Scheduled Job Start: frappe.utils.global_search.sync_global_search for library.test
2021-01-31 23:04:29,358 INFO scheduler Scheduled Job Complete: frappe.utils.global_search.sync_global_search for library.test
2021-01-31 23:04:29,390 INFO scheduler Scheduled Job Start: frappe.integrations.doctype.razorpay_settings.razorpay_settings.capture_payment for library.test
2021-01-31 23:04:29,450 INFO scheduler Scheduled Job Complete: frappe.integrations.doctype.razorpay_settings.razorpay_settings.capture_payment for library.test
2021-01-31 23:04:29,481 INFO scheduler Scheduled Job Start: frappe.email.doctype.email_account.email_account.notify_unreplied for library.test
2021-01-31 23:04:29,565 INFO scheduler Scheduled Job Complete: frappe.email.doctype.email_account.email_account.notify_unreplied for library.test
2021-01-31 23:04:29,597 INFO scheduler Scheduled Job Start: frappe.email.doctype.email_account.email_account.pull for library.test
2021-01-31 23:04:29,684 INFO scheduler Scheduled Job Complete: frappe.email.doctype.email_account.email_account.pull for library.test
2021-01-31 23:04:29,717 INFO scheduler Scheduled Job Start: frappe.email.queue.flush for library.test
2021-01-31 23:04:29,779 INFO scheduler Scheduled Job Complete: frappe.email.queue.flush for library.test
2021-01-31 23:05:29,353 DEBUG scheduler Queued events for site library.test
2021-01-31 23:06:29,517 DEBUG scheduler Queued events for site library.test
2021-01-31 23:07:29,689 DEBUG scheduler Queued events for site library.test
2021-01-31 23:08:29,897 INFO scheduler Scheduled Job Start: frappe.monitor.flush for library.test
2021-01-31 23:08:29,902 DEBUG scheduler Queued events for site library.test
2021-01-31 23:08:29,983 INFO scheduler Scheduled Job Complete: frappe.monitor.flush for library.test
2021-01-31 23:08:30,011 INFO scheduler Scheduled Job Start: frappe.utils.global_search.sync_global_search for library.test
2021-01-31 23:08:30,055 INFO scheduler Scheduled Job Complete: frappe.utils.global_search.sync_global_search for library.test
2021-01-31 23:08:30,085 INFO scheduler Scheduled Job Start: frappe.integrations.doctype.razorpay_settings.razorpay_settings.capture_payment for library.test
2021-01-31 23:08:30,139 INFO scheduler Scheduled Job Complete: frappe.integrations.doctype.razorpay_settings.razorpay_settings.capture_payment for library.test
2021-01-31 23:08:30,171 INFO scheduler Scheduled Job Start: frappe.email.doctype.email_account.email_account.notify_unreplied for library.test
2021-01-31 23:08:30,247 INFO scheduler Scheduled Job Complete: frappe.email.doctype.email_account.email_account.notify_unreplied for library.test
2021-01-31 23:08:30,280 INFO scheduler Scheduled Job Start: frappe.email.doctype.email_account.email_account.pull for library.test
2021-01-31 23:08:30,362 INFO scheduler Scheduled Job Complete: frappe.email.doctype.email_account.email_account.pull for library.test
2021-01-31 23:08:30,393 INFO scheduler Scheduled Job Start: frappe.email.queue.flush for library.test
2021-01-31 23:08:30,456 INFO scheduler Scheduled Job Complete: frappe.email.queue.flush for library.test
2021-01-31 23:09:30,071 DEBUG scheduler Queued events for site library.test
2021-01-31 23:10:30,235 DEBUG scheduler Queued events for site library.test
2021-01-31 23:11:30,377 DEBUG scheduler Queued events for site library.test
